#
# There is insufficient memory for the Java Runtime Environment to continue.
# Native memory allocation (malloc) failed to allocate 32784 bytes for Chunk::new
# Possible reasons:
#   The system is out of physical RAM or swap space
#   The process is running with CompressedOops enabled, and the Java Heap may be blocking the growth of the native heap
# Possible solutions:
#   Reduce memory load on the system
#   Increase physical memory or swap space
#   Check if swap backing store is full
#   Decrease Java heap size (-Xmx/-Xms)
#   Decrease number of Java threads
#   Decrease Java thread stack sizes (-Xss)
#   Set larger code cache with -XX:ReservedCodeCacheSize=
#   JVM is running with Unscaled Compressed Oops mode in which the Java heap is
#     placed in the first 4GB address space. The Java Heap base address is the
#     maximum limit for the native heap growth. Please use -XX:HeapBaseMinAddress
#     to set the Java Heap base and to place the Java Heap above 4GB virtual address.
# This output file may be truncated or incomplete.
#
#  Out of Memory Error (./src/hotspot/share/memory/arena.cpp:197), pid=8036, tid=20100
#
# JRE version: OpenJDK Runtime Environment (11.0.8+10) (build 11.0.8+10-b944.6842174)
# Java VM: OpenJDK 64-Bit Server VM (11.0.8+10-b944.6842174, mixed mode, tiered, compressed oops, g1 gc, windows-amd64)
# No core dump will be written. Minidumps are not enabled by default on client versions of Windows
#

---------------  S U M M A R Y ------------

Command Line: --add-opens=java.base/java.util=ALL-UNNAMED --add-opens=java.base/java.lang=ALL-UNNAMED --add-opens=java.base/java.lang.invoke=ALL-UNNAMED --add-opens=java.prefs/java.util.prefs=ALL-UNNAMED -Xmx2048m -Dfile.encoding=UTF-8 -Duser.country=TW -Duser.language=zh -Duser.variant org.gradle.launcher.daemon.bootstrap.GradleDaemon 6.7.1

Host: Intel(R) Core(TM) i5-7300HQ CPU @ 2.50GHz, 4 cores, 15G,  Windows 10 , 64 bit Build 19041 (10.0.19041.1023)
Time: Fri Jun 18 21:21:11 2021 台北標準時間 elapsed time: 5129 seconds (0d 1h 25m 29s)

---------------  T H R E A D  ---------------

Current thread (0x000002346dacc800):  JavaThread "C2 CompilerThread0" daemon [_thread_in_native, id=20100, stack(0x0000008a7bb00000,0x0000008a7bc00000)]


Current CompileTask:
C2:5129783 27785       4       java.io.ObjectInputStream::readClassDesc (123 bytes)

Stack: [0x0000008a7bb00000,0x0000008a7bc00000]
Native frames: (J=compiled Java code, j=interpreted, Vv=VM code, C=native code)
V  [jvm.dll+0x5de50a]
V  [jvm.dll+0x7122f5]
V  [jvm.dll+0x71384d]
V  [jvm.dll+0x713f03]
V  [jvm.dll+0x23e728]
V  [jvm.dll+0xb899c]
V  [jvm.dll+0xb8e9c]
V  [jvm.dll+0x4f0df4]
V  [jvm.dll+0x4f326e]
V  [jvm.dll+0x4f15d2]
V  [jvm.dll+0x4f1ddf]
V  [jvm.dll+0x4f13cf]
V  [jvm.dll+0x4f1396]
V  [jvm.dll+0x4f1396]
V  [jvm.dll+0x4f13e3]
V  [jvm.dll+0x4f13e3]
V  [jvm.dll+0x4f13e3]
V  [jvm.dll+0x4f13e3]
V  [jvm.dll+0x4f13e3]
V  [jvm.dll+0x4f13e3]
V  [jvm.dll+0x502606]
V  [jvm.dll+0x1f8df6]
V  [jvm.dll+0x1f685f]
V  [jvm.dll+0x17f32c]
V  [jvm.dll+0x205047]
V  [jvm.dll+0x203891]
V  [jvm.dll+0x6dad3f]
V  [jvm.dll+0x6d3895]
V  [jvm.dll+0x5dd4a6]
C  [ucrtbase.dll+0x21bb2]
C  [KERNEL32.DLL+0x17034]
C  [ntdll.dll+0x52651]


---------------  P R O C E S S  ---------------

Threads class SMR info:
_java_thread_list=0x000002347a4dfc00, length=138, elements={
0x000002345377b800, 0x000002346da51800, 0x000002346da52800, 0x000002346daca800,
0x000002346dacb800, 0x000002346dacc800, 0x000002346dacf800, 0x000002346dad4000,
0x000002346dc40800, 0x000002346dc54000, 0x000002346fa16800, 0x0000023471086800,
0x000002346e616800, 0x000002346f662800, 0x000002346f665000, 0x000002346f668800,
0x000002346f667800, 0x000002346e859800, 0x000002346ff8e000, 0x000002346ff95800,
0x000002346ff99800, 0x000002347319c000, 0x00000234718ab000, 0x0000023471c89800,
0x0000023474973000, 0x0000023478450800, 0x0000023471c94800, 0x0000023471c90800,
0x00000234718ac800, 0x0000023471851800, 0x000002347184e800, 0x0000023473198800,
0x0000023478e80000, 0x000002346ff96800, 0x000002346ff8c000, 0x000002347184d800,
0x0000023471852800, 0x0000023478e81800, 0x0000023478e84800, 0x0000023478e87000,
0x0000023478e88000, 0x0000023478e82800, 0x0000023478e83000, 0x0000023478e85800,
0x0000023478e86800, 0x0000023474966800, 0x0000023474967800, 0x0000023474964800,
0x0000023474965000, 0x0000023474969000, 0x0000023474966000, 0x000002347496c800,
0x000002347496a000, 0x000002347496b000, 0x000002347496e000, 0x000002347496b800,
0x0000023474968800, 0x000002347496d800, 0x0000023474970800, 0x0000023474972000,
0x0000023474971800, 0x000002347496f000, 0x000002347496f800, 0x000002346e858000,
0x000002346e857000, 0x000002346e85c000, 0x000002346e85a000, 0x000002346e856000,
0x000002346e858800, 0x000002346e85c800, 0x000002346e85b000, 0x000002346e863000,
0x000002346e860000, 0x000002346e861000, 0x000002346e85d800, 0x000002346e85e800,
0x000002346e862800, 0x000002346e85f000, 0x000002346e864000, 0x000002346e861800,
0x0000023479114000, 0x000002347910f000, 0x0000023479111800, 0x0000023479114800,
0x0000023479115800, 0x0000023479110800, 0x000002347910f800, 0x0000023479112000,
0x0000023479113000, 0x000002347911c000, 0x0000023479119800, 0x000002347911a800,
0x000002347911b000, 0x0000023479116000, 0x000002347911c800, 0x0000023479118000,
0x0000023479118800, 0x000002347844f800, 0x0000023478451000, 0x0000023478457800,
0x0000023478454800, 0x0000023478455000, 0x0000023478456000, 0x0000023478452000,
0x0000023478457000, 0x0000023478453000, 0x0000023478458800, 0x0000023478459800,
0x0000023478453800, 0x000002347845a000, 0x000002347845b000, 0x000002347845c000,
0x000002347845e000, 0x000002347845c800, 0x0000023471c8b000, 0x0000023471c8e000,
0x0000023471c8a000, 0x0000023471c8f000, 0x0000023471c8b800, 0x0000023471c91800,
0x0000023471c8c800, 0x0000023471c8d800, 0x0000023471c95800, 0x0000023471c90000,
0x0000023471c98000, 0x0000023471c94000, 0x0000023471c93000, 0x0000023471c96800,
0x0000023471c92800, 0x0000023471c97000, 0x000002346ff90800, 0x000002346ff91800,
0x000002346ff8f000, 0x000002346ff8d800, 0x000002346ff92800, 0x00000234718ad800,
0x00000234718ae800, 0x00000234718af000
}

Java Threads: ( => current thread )
  0x000002345377b800 JavaThread "main" [_thread_blocked, id=8808, stack(0x0000008a7b000000,0x0000008a7b100000)]
  0x000002346da51800 JavaThread "Reference Handler" daemon [_thread_blocked, id=19032, stack(0x0000008a7b700000,0x0000008a7b800000)]
  0x000002346da52800 JavaThread "Finalizer" daemon [_thread_blocked, id=9332, stack(0x0000008a7b800000,0x0000008a7b900000)]
  0x000002346daca800 JavaThread "Signal Dispatcher" daemon [_thread_blocked, id=18680, stack(0x0000008a7b900000,0x0000008a7ba00000)]
  0x000002346dacb800 JavaThread "Attach Listener" daemon [_thread_blocked, id=20440, stack(0x0000008a7ba00000,0x0000008a7bb00000)]
=>0x000002346dacc800 JavaThread "C2 CompilerThread0" daemon [_thread_in_native, id=20100, stack(0x0000008a7bb00000,0x0000008a7bc00000)]
  0x000002346dacf800 JavaThread "C1 CompilerThread0" daemon [_thread_blocked, id=15740, stack(0x0000008a7bc00000,0x0000008a7bd00000)]
  0x000002346dad4000 JavaThread "Sweeper thread" daemon [_thread_blocked, id=21308, stack(0x0000008a7bd00000,0x0000008a7be00000)]
  0x000002346dc40800 JavaThread "Common-Cleaner" daemon [_thread_blocked, id=21560, stack(0x0000008a7be00000,0x0000008a7bf00000)]
  0x000002346dc54000 JavaThread "Service Thread" daemon [_thread_blocked, id=15196, stack(0x0000008a7bf00000,0x0000008a7c000000)]
  0x000002346fa16800 JavaThread "Daemon health stats" [_thread_blocked, id=13860, stack(0x0000008a7c500000,0x0000008a7c600000)]
  0x0000023471086800 JavaThread "Incoming local TCP Connector on port 7121" [_thread_in_native, id=7624, stack(0x0000008a7c700000,0x0000008a7c800000)]
  0x000002346e616800 JavaThread "Daemon periodic checks" [_thread_blocked, id=7012, stack(0x0000008a7c800000,0x0000008a7c900000)]
  0x000002346f662800 JavaThread "Cache worker for file hash cache (C:\Users\Vincent\.gradle\caches\6.7.1\fileHashes)" [_thread_blocked, id=20624, stack(0x0000008a7d000000,0x0000008a7d100000)]
  0x000002346f665000 JavaThread "File lock request listener" [_thread_in_native, id=1552, stack(0x0000008a7d100000,0x0000008a7d200000)]
  0x000002346f668800 JavaThread "Cache worker for journal cache (C:\Users\Vincent\.gradle\caches\journal-1)" [_thread_blocked, id=15320, stack(0x0000008a7d200000,0x0000008a7d300000)]
  0x000002346f667800 JavaThread "Cache worker for execution history cache (C:\Users\Vincent\.gradle\caches\6.7.1\executionHistory)" [_thread_blocked, id=14664, stack(0x0000008a7d800000,0x0000008a7d900000)]
  0x000002346e859800 JavaThread "Cache worker for file content cache (C:\Users\Vincent\.gradle\caches\6.7.1\fileContent)" [_thread_blocked, id=15084, stack(0x0000008a7da00000,0x0000008a7db00000)]
  0x000002346ff8e000 JavaThread "Memory manager" [_thread_blocked, id=20964, stack(0x0000008a04100000,0x0000008a04200000)]
  0x000002346ff95800 JavaThread "pool-3-thread-1" [_thread_blocked, id=21236, stack(0x0000008a04300000,0x0000008a04400000)]
  0x000002346ff99800 JavaThread "Cache worker for Java compile cache (C:\Users\Vincent\.gradle\caches\6.7.1\javaCompile)" [_thread_blocked, id=316, stack(0x0000008a04900000,0x0000008a04a00000)]
  0x000002347319c000 JavaThread "pool-7-thread-1" [_thread_blocked, id=18748, stack(0x0000008a07a00000,0x0000008a07b00000)]
  0x00000234718ab000 JavaThread "pool-12-thread-1" [_thread_blocked, id=20752, stack(0x0000008a07900000,0x0000008a07a00000)]
  0x0000023471c89800 JavaThread "pool-16-thread-1" [_thread_blocked, id=7068, stack(0x0000008a07c00000,0x0000008a07d00000)]
  0x0000023474973000 JavaThread "pool-21-thread-1" [_thread_blocked, id=18844, stack(0x0000008a07d00000,0x0000008a07e00000)]
  0x0000023478450800 JavaThread "pool-25-thread-1" [_thread_blocked, id=7148, stack(0x0000008a07800000,0x0000008a07900000)]
  0x0000023471c94800 JavaThread "pool-29-thread-1" [_thread_blocked, id=7152, stack(0x0000008a07e00000,0x0000008a07f00000)]
  0x0000023471c90800 JavaThread "pool-34-thread-1" [_thread_blocked, id=17128, stack(0x0000008a07b00000,0x0000008a07c00000)]
  0x00000234718ac800 JavaThread "pool-39-thread-1" [_thread_blocked, id=15352, stack(0x0000008a08000000,0x0000008a08100000)]
  0x0000023471851800 JavaThread "pool-43-thread-1" [_thread_blocked, id=9104, stack(0x0000008a08100000,0x0000008a08200000)]
  0x000002347184e800 JavaThread "pool-48-thread-1" [_thread_blocked, id=17712, stack(0x0000008a08200000,0x0000008a08300000)]
  0x0000023473198800 JavaThread "pool-52-thread-1" [_thread_blocked, id=9196, stack(0x0000008a07f00000,0x0000008a08000000)]
  0x0000023478e80000 JavaThread "ForkJoinPool.commonPool-worker-7" daemon [_thread_blocked, id=18920, stack(0x0000008a09200000,0x0000008a09300000)]
  0x000002346ff96800 JavaThread "pool-57-thread-1" [_thread_blocked, id=11528, stack(0x0000008a08300000,0x0000008a08400000)]
  0x000002346ff8c000 JavaThread "pool-61-thread-1" [_thread_blocked, id=15596, stack(0x0000008a08500000,0x0000008a08600000)]
  0x000002347184d800 JavaThread "Daemon Thread 11" [_thread_blocked, id=21580, stack(0x0000008a00000000,0x0000008a00100000)]
  0x0000023471852800 JavaThread "Daemon worker Thread 11" [_thread_blocked, id=18456, stack(0x0000008a00300000,0x0000008a00400000)]
  0x0000023478e81800 JavaThread "jar transforms Thread 971" [_thread_blocked, id=19604, stack(0x0000008a01000000,0x0000008a01100000)]
  0x0000023478e84800 JavaThread "jar transforms Thread 972" [_thread_blocked, id=20776, stack(0x0000008a01100000,0x0000008a01200000)]
  0x0000023478e87000 JavaThread "jar transforms Thread 973" [_thread_blocked, id=18096, stack(0x0000008a01200000,0x0000008a01300000)]
  0x0000023478e88000 JavaThread "jar transforms Thread 974" [_thread_blocked, id=20352, stack(0x0000008a01300000,0x0000008a01400000)]
  0x0000023478e82800 JavaThread "jar transforms Thread 975" [_thread_blocked, id=17264, stack(0x0000008a01400000,0x0000008a01500000)]
  0x0000023478e83000 JavaThread "jar transforms Thread 976" [_thread_blocked, id=19024, stack(0x0000008a01500000,0x0000008a01600000)]
  0x0000023478e85800 JavaThread "jar transforms Thread 977" [_thread_blocked, id=18356, stack(0x0000008a01600000,0x0000008a01700000)]
  0x0000023478e86800 JavaThread "jar transforms Thread 978" [_thread_blocked, id=16760, stack(0x0000008a01700000,0x0000008a01800000)]
  0x0000023474966800 JavaThread "jar transforms Thread 979" [_thread_blocked, id=24172, stack(0x0000008a01800000,0x0000008a01900000)]
  0x0000023474967800 JavaThread "jar transforms Thread 980" [_thread_blocked, id=4192, stack(0x0000008a01900000,0x0000008a01a00000)]
  0x0000023474964800 JavaThread "jar transforms Thread 981" [_thread_blocked, id=6076, stack(0x0000008a01a00000,0x0000008a01b00000)]
  0x0000023474965000 JavaThread "jar transforms Thread 982" [_thread_blocked, id=3744, stack(0x0000008a01b00000,0x0000008a01c00000)]
  0x0000023474969000 JavaThread "jar transforms Thread 983" [_thread_blocked, id=5500, stack(0x0000008a01c00000,0x0000008a01d00000)]
  0x0000023474966000 JavaThread "jar transforms Thread 984" [_thread_blocked, id=22912, stack(0x0000008a01d00000,0x0000008a01e00000)]
  0x000002347496c800 JavaThread "jar transforms Thread 985" [_thread_blocked, id=17496, stack(0x0000008a01e00000,0x0000008a01f00000)]
  0x000002347496a000 JavaThread "jar transforms Thread 986" [_thread_blocked, id=6244, stack(0x0000008a01f00000,0x0000008a02000000)]
  0x000002347496b000 JavaThread "jar transforms Thread 987" [_thread_blocked, id=19912, stack(0x0000008a02000000,0x0000008a02100000)]
  0x000002347496e000 JavaThread "jar transforms Thread 988" [_thread_blocked, id=15792, stack(0x0000008a02100000,0x0000008a02200000)]
  0x000002347496b800 JavaThread "jar transforms Thread 989" [_thread_blocked, id=18604, stack(0x0000008a02200000,0x0000008a02300000)]
  0x0000023474968800 JavaThread "jar transforms Thread 990" [_thread_blocked, id=8940, stack(0x0000008a02300000,0x0000008a02400000)]
  0x000002347496d800 JavaThread "jar transforms Thread 991" [_thread_blocked, id=8844, stack(0x0000008a02400000,0x0000008a02500000)]
  0x0000023474970800 JavaThread "jar transforms Thread 992" [_thread_blocked, id=1320, stack(0x0000008a02500000,0x0000008a02600000)]
  0x0000023474972000 JavaThread "jar transforms Thread 993" [_thread_blocked, id=19728, stack(0x0000008a02600000,0x0000008a02700000)]
  0x0000023474971800 JavaThread "jar transforms Thread 994" [_thread_blocked, id=24292, stack(0x0000008a02700000,0x0000008a02800000)]
  0x000002347496f000 JavaThread "jar transforms Thread 995" [_thread_blocked, id=20924, stack(0x0000008a02800000,0x0000008a02900000)]
  0x000002347496f800 JavaThread "jar transforms Thread 996" [_thread_blocked, id=21664, stack(0x0000008a02900000,0x0000008a02a00000)]
  0x000002346e858000 JavaThread "jar transforms Thread 997" [_thread_blocked, id=15308, stack(0x0000008a02a00000,0x0000008a02b00000)]
  0x000002346e857000 JavaThread "jar transforms Thread 998" [_thread_blocked, id=9424, stack(0x0000008a02b00000,0x0000008a02c00000)]
  0x000002346e85c000 JavaThread "jar transforms Thread 999" [_thread_blocked, id=22064, stack(0x0000008a02c00000,0x0000008a02d00000)]
  0x000002346e85a000 JavaThread "jar transforms Thread 1000" [_thread_blocked, id=20844, stack(0x0000008a02d00000,0x0000008a02e00000)]
  0x000002346e856000 JavaThread "jar transforms Thread 1001" [_thread_blocked, id=23332, stack(0x0000008a02e00000,0x0000008a02f00000)]
  0x000002346e858800 JavaThread "jar transforms Thread 1002" [_thread_blocked, id=6008, stack(0x0000008a02f00000,0x0000008a03000000)]
  0x000002346e85c800 JavaThread "jar transforms Thread 1003" [_thread_blocked, id=22892, stack(0x0000008a03000000,0x0000008a03100000)]
  0x000002346e85b000 JavaThread "jar transforms Thread 1004" [_thread_blocked, id=5640, stack(0x0000008a03100000,0x0000008a03200000)]
  0x000002346e863000 JavaThread "jar transforms Thread 1005" [_thread_blocked, id=20980, stack(0x0000008a03200000,0x0000008a03300000)]
  0x000002346e860000 JavaThread "jar transforms Thread 1006" [_thread_blocked, id=5912, stack(0x0000008a03300000,0x0000008a03400000)]
  0x000002346e861000 JavaThread "jar transforms Thread 1007" [_thread_blocked, id=13104, stack(0x0000008a03400000,0x0000008a03500000)]
  0x000002346e85d800 JavaThread "jar transforms Thread 1008" [_thread_blocked, id=16464, stack(0x0000008a03500000,0x0000008a03600000)]
  0x000002346e85e800 JavaThread "jar transforms Thread 1009" [_thread_blocked, id=17792, stack(0x0000008a03600000,0x0000008a03700000)]
  0x000002346e862800 JavaThread "jar transforms Thread 1010" [_thread_blocked, id=21168, stack(0x0000008a03700000,0x0000008a03800000)]
  0x000002346e85f000 JavaThread "jar transforms Thread 1011" [_thread_blocked, id=23032, stack(0x0000008a03800000,0x0000008a03900000)]
  0x000002346e864000 JavaThread "jar transforms Thread 1012" [_thread_blocked, id=22516, stack(0x0000008a03900000,0x0000008a03a00000)]
  0x000002346e861800 JavaThread "jar transforms Thread 1013" [_thread_blocked, id=1836, stack(0x0000008a03a00000,0x0000008a03b00000)]
  0x0000023479114000 JavaThread "jar transforms Thread 1014" [_thread_blocked, id=19080, stack(0x0000008a03b00000,0x0000008a03c00000)]
  0x000002347910f000 JavaThread "jar transforms Thread 1015" [_thread_blocked, id=21736, stack(0x0000008a03c00000,0x0000008a03d00000)]
  0x0000023479111800 JavaThread "jar transforms Thread 1016" [_thread_blocked, id=23484, stack(0x0000008a03d00000,0x0000008a03e00000)]
  0x0000023479114800 JavaThread "jar transforms Thread 1017" [_thread_blocked, id=9500, stack(0x0000008a03e00000,0x0000008a03f00000)]
  0x0000023479115800 JavaThread "jar transforms Thread 1018" [_thread_blocked, id=22084, stack(0x0000008a03f00000,0x0000008a04000000)]
  0x0000023479110800 JavaThread "jar transforms Thread 1019" [_thread_blocked, id=23936, stack(0x0000008a04000000,0x0000008a04100000)]
  0x000002347910f800 JavaThread "jar transforms Thread 1020" [_thread_blocked, id=16308, stack(0x0000008a04200000,0x0000008a04300000)]
  0x0000023479112000 JavaThread "jar transforms Thread 1021" [_thread_blocked, id=11392, stack(0x0000008a04400000,0x0000008a04500000)]
  0x0000023479113000 JavaThread "jar transforms Thread 1022" [_thread_blocked, id=24452, stack(0x0000008a04500000,0x0000008a04600000)]
  0x000002347911c000 JavaThread "jar transforms Thread 1023" [_thread_blocked, id=14228, stack(0x0000008a04600000,0x0000008a04700000)]
  0x0000023479119800 JavaThread "jar transforms Thread 1024" [_thread_blocked, id=6528, stack(0x0000008a04700000,0x0000008a04800000)]
  0x000002347911a800 JavaThread "jar transforms Thread 1025" [_thread_blocked, id=21124, stack(0x0000008a04800000,0x0000008a04900000)]
  0x000002347911b000 JavaThread "jar transforms Thread 1026" [_thread_blocked, id=24128, stack(0x0000008a04a00000,0x0000008a04b00000)]
  0x0000023479116000 JavaThread "jar transforms Thread 1027" [_thread_blocked, id=17808, stack(0x0000008a04b00000,0x0000008a04c00000)]
  0x000002347911c800 JavaThread "jar transforms Thread 1028" [_thread_blocked, id=4368, stack(0x0000008a04c00000,0x0000008a04d00000)]
  0x0000023479118000 JavaThread "jar transforms Thread 1029" [_thread_blocked, id=4108, stack(0x0000008a04d00000,0x0000008a04e00000)]
  0x0000023479118800 JavaThread "jar transforms Thread 1030" [_thread_blocked, id=20424, stack(0x0000008a04e00000,0x0000008a04f00000)]
  0x000002347844f800 JavaThread "jar transforms Thread 1031" [_thread_blocked, id=14300, stack(0x0000008a04f00000,0x0000008a05000000)]
  0x0000023478451000 JavaThread "jar transforms Thread 1032" [_thread_blocked, id=19404, stack(0x0000008a05000000,0x0000008a05100000)]
  0x0000023478457800 JavaThread "jar transforms Thread 1033" [_thread_blocked, id=11224, stack(0x0000008a05100000,0x0000008a05200000)]
  0x0000023478454800 JavaThread "jar transforms Thread 1034" [_thread_blocked, id=12044, stack(0x0000008a05200000,0x0000008a05300000)]
  0x0000023478455000 JavaThread "jar transforms Thread 1035" [_thread_blocked, id=17208, stack(0x0000008a05300000,0x0000008a05400000)]
  0x0000023478456000 JavaThread "jar transforms Thread 1036" [_thread_blocked, id=22184, stack(0x0000008a05700000,0x0000008a05800000)]
  0x0000023478452000 JavaThread "jar transforms Thread 1037" [_thread_blocked, id=5232, stack(0x0000008a05800000,0x0000008a05900000)]
  0x0000023478457000 JavaThread "jar transforms Thread 1038" [_thread_blocked, id=20184, stack(0x0000008a05900000,0x0000008a05a00000)]
  0x0000023478453000 JavaThread "jar transforms Thread 1039" [_thread_blocked, id=18976, stack(0x0000008a05a00000,0x0000008a05b00000)]
  0x0000023478458800 JavaThread "jar transforms Thread 1040" [_thread_blocked, id=7892, stack(0x0000008a05b00000,0x0000008a05c00000)]
  0x0000023478459800 JavaThread "jar transforms Thread 1041" [_thread_blocked, id=16324, stack(0x0000008a05c00000,0x0000008a05d00000)]
  0x0000023478453800 JavaThread "jar transforms Thread 1042" [_thread_blocked, id=10144, stack(0x0000008a05d00000,0x0000008a05e00000)]
  0x000002347845a000 JavaThread "jar transforms Thread 1043" [_thread_blocked, id=16212, stack(0x0000008a05e00000,0x0000008a05f00000)]
  0x000002347845b000 JavaThread "jar transforms Thread 1044" [_thread_blocked, id=20412, stack(0x0000008a05f00000,0x0000008a06000000)]
  0x000002347845c000 JavaThread "jar transforms Thread 1045" [_thread_blocked, id=21060, stack(0x0000008a06000000,0x0000008a06100000)]
  0x000002347845e000 JavaThread "jar transforms Thread 1046" [_thread_blocked, id=14504, stack(0x0000008a06100000,0x0000008a06200000)]
  0x000002347845c800 JavaThread "jar transforms Thread 1047" [_thread_blocked, id=16316, stack(0x0000008a06200000,0x0000008a06300000)]
  0x0000023471c8b000 JavaThread "jar transforms Thread 1048" [_thread_blocked, id=1332, stack(0x0000008a06300000,0x0000008a06400000)]
  0x0000023471c8e000 JavaThread "jar transforms Thread 1049" [_thread_blocked, id=7292, stack(0x0000008a06400000,0x0000008a06500000)]
  0x0000023471c8a000 JavaThread "jar transforms Thread 1050" [_thread_blocked, id=12996, stack(0x0000008a06500000,0x0000008a06600000)]
  0x0000023471c8f000 JavaThread "jar transforms Thread 1051" [_thread_blocked, id=952, stack(0x0000008a06600000,0x0000008a06700000)]
  0x0000023471c8b800 JavaThread "jar transforms Thread 1052" [_thread_blocked, id=2840, stack(0x0000008a06700000,0x0000008a06800000)]
  0x0000023471c91800 JavaThread "jar transforms Thread 1053" [_thread_blocked, id=18488, stack(0x0000008a06800000,0x0000008a06900000)]
  0x0000023471c8c800 JavaThread "jar transforms Thread 1054" [_thread_blocked, id=10480, stack(0x0000008a06900000,0x0000008a06a00000)]
  0x0000023471c8d800 JavaThread "jar transforms Thread 1055" [_thread_blocked, id=2396, stack(0x0000008a06a00000,0x0000008a06b00000)]
  0x0000023471c95800 JavaThread "jar transforms Thread 1056" [_thread_blocked, id=15464, stack(0x0000008a06b00000,0x0000008a06c00000)]
  0x0000023471c90000 JavaThread "jar transforms Thread 1057" [_thread_blocked, id=23412, stack(0x0000008a06c00000,0x0000008a06d00000)]
  0x0000023471c98000 JavaThread "jar transforms Thread 1058" [_thread_blocked, id=23136, stack(0x0000008a06d00000,0x0000008a06e00000)]
  0x0000023471c94000 JavaThread "jar transforms Thread 1059" [_thread_blocked, id=3732, stack(0x0000008a06e00000,0x0000008a06f00000)]
  0x0000023471c93000 JavaThread "jar transforms Thread 1060" [_thread_blocked, id=18848, stack(0x0000008a06f00000,0x0000008a07000000)]
  0x0000023471c96800 JavaThread "jar transforms Thread 1061" [_thread_blocked, id=7320, stack(0x0000008a07000000,0x0000008a07100000)]
  0x0000023471c92800 JavaThread "jar transforms Thread 1062" [_thread_blocked, id=19140, stack(0x0000008a07100000,0x0000008a07200000)]
  0x0000023471c97000 JavaThread "jar transforms Thread 1063" [_thread_blocked, id=23528, stack(0x0000008a07200000,0x0000008a07300000)]
  0x000002346ff90800 JavaThread "jar transforms Thread 1064" [_thread_blocked, id=21644, stack(0x0000008a07300000,0x0000008a07400000)]
  0x000002346ff91800 JavaThread "jar transforms Thread 1065" [_thread_blocked, id=20328, stack(0x0000008a07400000,0x0000008a07500000)]
  0x000002346ff8f000 JavaThread "jar transforms Thread 1066" [_thread_blocked, id=17772, stack(0x0000008a07500000,0x0000008a07600000)]
  0x000002346ff8d800 JavaThread "jar transforms Thread 1067" [_thread_blocked, id=5544, stack(0x0000008a07600000,0x0000008a07700000)]
  0x000002346ff92800 JavaThread "pool-66-thread-1" [_thread_blocked, id=14548, stack(0x0000008a08400000,0x0000008a08500000)]
  0x00000234718ad800 JavaThread "ForkJoinPool.commonPool-worker-3" daemon [_thread_blocked, id=8304, stack(0x0000008a08b00000,0x0000008a08c00000)]
  0x00000234718ae800 JavaThread "ForkJoinPool.commonPool-worker-5" daemon [_thread_blocked, id=20076, stack(0x0000008a09500000,0x0000008a09600000)]
  0x00000234718af000 JavaThread "Handler for socket connection from /127.0.0.1:7121 to /127.0.0.1:7212" [_thread_in_vm, id=22060, stack(0x0000008a00100000,0x0000008a00200000)]

Other Threads:
  0x000002346d223800 VMThread "VM Thread" [stack: 0x0000008a7b600000,0x0000008a7b700000] [id=17980]
  0x000002346dc72800 WatcherThread [stack: 0x0000008a7c000000,0x0000008a7c100000] [id=21748]
  0x0000023453795000 GCTaskThread "GC Thread#0" [stack: 0x0000008a7b100000,0x0000008a7b200000] [id=22280]
  0x000002346e42e000 GCTaskThread "GC Thread#1" [stack: 0x0000008a7c200000,0x0000008a7c300000] [id=2768]
  0x000002346e42e800 GCTaskThread "GC Thread#2" [stack: 0x0000008a7c300000,0x0000008a7c400000] [id=1968]
  0x000002346e430800 GCTaskThread "GC Thread#3" [stack: 0x0000008a7c400000,0x0000008a7c500000] [id=24168]
  0x00000234537c5800 ConcurrentGCThread "G1 Main Marker" [stack: 0x0000008a7b200000,0x0000008a7b300000] [id=24460]
  0x00000234537c7000 ConcurrentGCThread "G1 Conc#0" [stack: 0x0000008a7b300000,0x0000008a7b400000] [id=24416]
  0x000002346d094800 ConcurrentGCThread "G1 Refine#0" [stack: 0x0000008a7b400000,0x0000008a7b500000] [id=17984]
  0x0000023471952800 ConcurrentGCThread "G1 Refine#1" [stack: 0x0000008a05400000,0x0000008a05500000] [id=14556]
  0x000002346ee7b000 ConcurrentGCThread "G1 Refine#2" [stack: 0x0000008a05500000,0x0000008a05600000] [id=9696]
  0x0000023478c0a800 ConcurrentGCThread "G1 Refine#3" [stack: 0x0000008a05600000,0x0000008a05700000] [id=19560]
  0x000002346d095000 ConcurrentGCThread "G1 Young RemSet Sampling" [stack: 0x0000008a7b500000,0x0000008a7b600000] [id=23980]

Threads with active compile tasks:
C2 CompilerThread05129885 27785       4       java.io.ObjectInputStream::readClassDesc (123 bytes)
C1 CompilerThread05129885 27824       3       java.nio.channels.spi.AbstractSelector::isOpen (8 bytes)

VM state:not at safepoint (normal execution)

VM Mutex/Monitor currently owned by a thread: None

OutOfMemory and StackOverflow Exception counts:
OutOfMemoryError java_heap_errors=1
LinkageErrors=189

Heap address: 0x0000000080000000, size: 2048 MB, Compressed Oops mode: 32-bit
Narrow klass base: 0x0000000000000000, Narrow klass shift: 3
Compressed class space size: 1073741824 Address: 0x0000000100000000

Heap:
 garbage-first heap   total 262144K, used 220972K [0x0000000080000000, 0x0000000100000000)
  region size 1024K, 54 young (55296K), 9 survivors (9216K)
 Metaspace       used 119992K, capacity 123496K, committed 123684K, reserved 1157120K
  class space    used 14498K, capacity 15747K, committed 15872K, reserved 1048576K
Heap Regions: E=young(eden), S=young(survivor), O=old, HS=humongous(starts), HC=humongous(continues), CS=collection set, F=free, A=archive, TAMS=top-at-mark-start (previous, next)
|   0|0x0000000080000000, 0x0000000080100000, 0x0000000080100000|100%| O|  |TAMS 0x0000000080100000, 0x0000000080000000| Untracked 
|   1|0x0000000080100000, 0x0000000080200000, 0x0000000080200000|100%| O|  |TAMS 0x0000000080200000, 0x0000000080100000| Untracked 
|   2|0x0000000080200000, 0x0000000080300000, 0x0000000080300000|100%| O|  |TAMS 0x0000000080300000, 0x0000000080200000| Complete 
|   3|0x0000000080300000, 0x0000000080400000, 0x0000000080400000|100%|HS|  |TAMS 0x0000000080400000, 0x0000000080300000| Complete 
|   4|0x0000000080400000, 0x0000000080500000, 0x0000000080500000|100%|HC|  |TAMS 0x0000000080500000, 0x0000000080400000| Complete 
|   5|0x0000000080500000, 0x0000000080600000, 0x0000000080600000|100%|HC|  |TAMS 0x0000000080600000, 0x0000000080500000| Complete 
|   6|0x0000000080600000, 0x0000000080700000, 0x0000000080700000|100%| O|  |TAMS 0x0000000080700000, 0x0000000080600000| Untracked 
|   7|0x0000000080700000, 0x0000000080800000, 0x0000000080800000|100%| O|  |TAMS 0x0000000080800000, 0x0000000080700000| Untracked 
|   8|0x0000000080800000, 0x0000000080900000, 0x0000000080900000|100%| O|  |TAMS 0x0000000080900000, 0x0000000080800000| Untracked 
|   9|0x0000000080900000, 0x0000000080a00000, 0x0000000080a00000|100%| O|  |TAMS 0x0000000080a00000, 0x0000000080900000| Complete 
|  10|0x0000000080a00000, 0x0000000080b00000, 0x0000000080b00000|100%| O|  |TAMS 0x0000000080b00000, 0x0000000080a00000| Untracked 
|  11|0x0000000080b00000, 0x0000000080c00000, 0x0000000080c00000|100%| O|  |TAMS 0x0000000080c00000, 0x0000000080b00000| Untracked 
|  12|0x0000000080c00000, 0x0000000080d00000, 0x0000000080d00000|100%| O|  |TAMS 0x0000000080d00000, 0x0000000080c00000| Untracked 
|  13|0x0000000080d00000, 0x0000000080e00000, 0x0000000080e00000|100%| O|  |TAMS 0x0000000080e00000, 0x0000000080d00000| Untracked 
|  14|0x0000000080e00000, 0x0000000080f00000, 0x0000000080f00000|100%| O|  |TAMS 0x0000000080f00000, 0x0000000080e00000| Untracked 
|  15|0x0000000080f00000, 0x0000000081000000, 0x0000000081000000|100%| O|  |TAMS 0x0000000081000000, 0x0000000080f00000| Complete 
|  16|0x0000000081000000, 0x0000000081100000, 0x0000000081100000|100%|HS|  |TAMS 0x0000000081100000, 0x0000000081000000| Complete 
|  17|0x0000000081100000, 0x0000000081200000, 0x0000000081200000|100%|HS|  |TAMS 0x0000000081200000, 0x0000000081100000| Complete 
|  18|0x0000000081200000, 0x0000000081300000, 0x0000000081300000|100%|HC|  |TAMS 0x0000000081300000, 0x0000000081200000| Complete 
|  19|0x0000000081300000, 0x0000000081400000, 0x0000000081400000|100%| O|  |TAMS 0x0000000081400000, 0x0000000081300000| Untracked 
|  20|0x0000000081400000, 0x0000000081500000, 0x0000000081500000|100%| O|  |TAMS 0x0000000081500000, 0x0000000081400000| Untracked 
|  21|0x0000000081500000, 0x0000000081600000, 0x0000000081600000|100%| O|  |TAMS 0x0000000081600000, 0x0000000081500000| Complete 
|  22|0x0000000081600000, 0x0000000081700000, 0x0000000081700000|100%| O|  |TAMS 0x0000000081700000, 0x0000000081600000| Complete 
|  23|0x0000000081700000, 0x0000000081800000, 0x0000000081800000|100%| O|  |TAMS 0x0000000081800000, 0x0000000081700000| Complete 
|  24|0x0000000081800000, 0x0000000081900000, 0x0000000081900000|100%| O|  |TAMS 0x0000000081900000, 0x0000000081800000| Complete 
|  25|0x0000000081900000, 0x0000000081a00000, 0x0000000081a00000|100%| O|  |TAMS 0x0000000081a00000, 0x0000000081900000| Complete 
|  26|0x0000000081a00000, 0x0000000081b00000, 0x0000000081b00000|100%| O|  |TAMS 0x0000000081b00000, 0x0000000081a00000| Untracked 
|  27|0x0000000081b00000, 0x0000000081c00000, 0x0000000081c00000|100%| O|  |TAMS 0x0000000081c00000, 0x0000000081b00000| Complete 
|  28|0x0000000081c00000, 0x0000000081d00000, 0x0000000081d00000|100%| O|  |TAMS 0x0000000081d00000, 0x0000000081c00000| Complete 
|  29|0x0000000081d00000, 0x0000000081e00000, 0x0000000081e00000|100%| O|  |TAMS 0x0000000081e00000, 0x0000000081d00000| Complete 
|  30|0x0000000081e00000, 0x0000000081f00000, 0x0000000081f00000|100%| O|  |TAMS 0x0000000081f00000, 0x0000000081e00000| Untracked 
|  31|0x0000000081f00000, 0x0000000082000000, 0x0000000082000000|100%| O|  |TAMS 0x0000000082000000, 0x0000000081f00000| Untracked 
|  32|0x0000000082000000, 0x0000000082100000, 0x0000000082100000|100%| O|  |TAMS 0x0000000082100000, 0x0000000082000000| Untracked 
|  33|0x0000000082100000, 0x0000000082200000, 0x0000000082200000|100%| O|  |TAMS 0x0000000082200000, 0x0000000082100000| Complete 
|  34|0x0000000082200000, 0x0000000082300000, 0x0000000082300000|100%| O|  |TAMS 0x0000000082300000, 0x0000000082200000| Complete 
|  35|0x0000000082300000, 0x0000000082400000, 0x0000000082400000|100%| O|  |TAMS 0x0000000082400000, 0x0000000082300000| Complete 
|  36|0x0000000082400000, 0x0000000082500000, 0x0000000082500000|100%| O|  |TAMS 0x0000000082500000, 0x0000000082400000| Untracked 
|  37|0x0000000082500000, 0x0000000082600000, 0x0000000082600000|100%| O|  |TAMS 0x0000000082600000, 0x0000000082500000| Untracked 
|  38|0x0000000082600000, 0x0000000082700000, 0x0000000082700000|100%| O|  |TAMS 0x0000000082700000, 0x0000000082600000| Complete 
|  39|0x0000000082700000, 0x0000000082800000, 0x0000000082800000|100%| O|  |TAMS 0x0000000082800000, 0x0000000082700000| Untracked 
|  40|0x0000000082800000, 0x0000000082900000, 0x0000000082900000|100%| O|  |TAMS 0x0000000082900000, 0x0000000082800000| Complete 
|  41|0x0000000082900000, 0x0000000082a00000, 0x0000000082a00000|100%| O|  |TAMS 0x0000000082a00000, 0x0000000082900000| Complete 
|  42|0x0000000082a00000, 0x0000000082b00000, 0x0000000082b00000|100%| O|  |TAMS 0x0000000082b00000, 0x0000000082a00000| Untracked 
|  43|0x0000000082b00000, 0x0000000082c00000, 0x0000000082c00000|100%| O|  |TAMS 0x0000000082c00000, 0x0000000082b00000| Complete 
|  44|0x0000000082c00000, 0x0000000082d00000, 0x0000000082d00000|100%| O|  |TAMS 0x0000000082d00000, 0x0000000082c00000| Complete 
|  45|0x0000000082d00000, 0x0000000082e00000, 0x0000000082e00000|100%| O|  |TAMS 0x0000000082e00000, 0x0000000082d00000| Complete 
|  46|0x0000000082e00000, 0x0000000082f00000, 0x0000000082f00000|100%| O|  |TAMS 0x0000000082f00000, 0x0000000082e00000| Complete 
|  47|0x0000000082f00000, 0x0000000083000000, 0x0000000083000000|100%| O|  |TAMS 0x0000000083000000, 0x0000000082f00000| Complete 
|  48|0x0000000083000000, 0x0000000083100000, 0x0000000083100000|100%| O|  |TAMS 0x0000000083100000, 0x0000000083000000| Untracked 
|  49|0x0000000083100000, 0x0000000083200000, 0x0000000083200000|100%| O|  |TAMS 0x0000000083200000, 0x0000000083100000| Complete 
|  50|0x0000000083200000, 0x0000000083300000, 0x0000000083300000|100%| O|  |TAMS 0x0000000083300000, 0x0000000083200000| Complete 
|  51|0x0000000083300000, 0x0000000083400000, 0x0000000083400000|100%| O|  |TAMS 0x0000000083400000, 0x0000000083300000| Untracked 
|  52|0x0000000083400000, 0x0000000083500000, 0x0000000083500000|100%| O|  |TAMS 0x0000000083500000, 0x0000000083400000| Untracked 
|  53|0x0000000083500000, 0x0000000083600000, 0x0000000083600000|100%| O|  |TAMS 0x0000000083600000, 0x0000000083500000| Complete 
|  54|0x0000000083600000, 0x0000000083700000, 0x0000000083700000|100%| O|  |TAMS 0x0000000083700000, 0x0000000083600000| Complete 
|  55|0x0000000083700000, 0x0000000083800000, 0x0000000083800000|100%| O|  |TAMS 0x0000000083800000, 0x0000000083700000| Complete 
|  56|0x0000000083800000, 0x0000000083900000, 0x0000000083900000|100%| O|  |TAMS 0x0000000083900000, 0x0000000083800000| Complete 
|  57|0x0000000083900000, 0x0000000083a00000, 0x0000000083a00000|100%| O|  |TAMS 0x0000000083a00000, 0x0000000083900000| Complete 
|  58|0x0000000083a00000, 0x0000000083b00000, 0x0000000083b00000|100%| O|  |TAMS 0x0000000083b00000, 0x0000000083a00000| Complete 
|  59|0x0000000083b00000, 0x0000000083c00000, 0x0000000083c00000|100%| O|  |TAMS 0x0000000083c00000, 0x0000000083b00000| Untracked 
|  60|0x0000000083c00000, 0x0000000083d00000, 0x0000000083d00000|100%| O|  |TAMS 0x0000000083d00000, 0x0000000083c00000| Untracked 
|  61|0x0000000083d00000, 0x0000000083e00000, 0x0000000083e00000|100%| O|  |TAMS 0x0000000083e00000, 0x0000000083d00000| Complete 
|  62|0x0000000083e00000, 0x0000000083f00000, 0x0000000083f00000|100%| O|  |TAMS 0x0000000083f00000, 0x0000000083e00000| Untracked 
|  63|0x0000000083f00000, 0x0000000084000000, 0x0000000084000000|100%| O|  |TAMS 0x0000000084000000, 0x0000000083f00000| Complete 
|  64|0x0000000084000000, 0x0000000084100000, 0x0000000084100000|100%| O|  |TAMS 0x0000000084100000, 0x0000000084000000| Complete 
|  65|0x0000000084100000, 0x0000000084200000, 0x0000000084200000|100%| O|  |TAMS 0x0000000084200000, 0x0000000084100000| Untracked 
|  66|0x0000000084200000, 0x0000000084300000, 0x0000000084300000|100%| O|  |TAMS 0x0000000084300000, 0x0000000084200000| Complete 
|  67|0x0000000084300000, 0x0000000084400000, 0x0000000084400000|100%| O|  |TAMS 0x0000000084400000, 0x0000000084300000| Untracked 
|  68|0x0000000084400000, 0x0000000084500000, 0x0000000084500000|100%|HS|  |TAMS 0x0000000084400000, 0x0000000084400000| Complete 
|  69|0x0000000084500000, 0x0000000084600000, 0x0000000084600000|100%| O|  |TAMS 0x0000000084600000, 0x0000000084500000| Complete 
|  70|0x0000000084600000, 0x0000000084700000, 0x0000000084700000|100%| O|  |TAMS 0x0000000084700000, 0x0000000084600000| Complete 
|  71|0x0000000084700000, 0x0000000084800000, 0x0000000084800000|100%| O|  |TAMS 0x0000000084800000, 0x0000000084700000| Complete 
|  72|0x0000000084800000, 0x0000000084900000, 0x0000000084900000|100%|HS|  |TAMS 0x0000000084900000, 0x0000000084800000| Complete 
|  73|0x0000000084900000, 0x0000000084a00000, 0x0000000084a00000|100%|HC|  |TAMS 0x0000000084a00000, 0x0000000084900000| Complete 
|  74|0x0000000084a00000, 0x0000000084b00000, 0x0000000084b00000|100%|HC|  |TAMS 0x0000000084b00000, 0x0000000084a00000| Complete 
|  75|0x0000000084b00000, 0x0000000084c00000, 0x0000000084c00000|100%|HC|  |TAMS 0x0000000084c00000, 0x0000000084b00000| Complete 
|  76|0x0000000084c00000, 0x0000000084d00000, 0x0000000084d00000|100%|HC|  |TAMS 0x0000000084d00000, 0x0000000084c00000| Complete 
|  77|0x0000000084d00000, 0x0000000084e00000, 0x0000000084e00000|100%| O|  |TAMS 0x0000000084e00000, 0x0000000084d00000| Untracked 
|  78|0x0000000084e00000, 0x0000000084f00000, 0x0000000084f00000|100%| O|  |TAMS 0x0000000084f00000, 0x0000000084e00000| Untracked 
|  79|0x0000000084f00000, 0x0000000085000000, 0x0000000085000000|100%| O|  |TAMS 0x0000000085000000, 0x0000000084f00000| Untracked 
|  80|0x0000000085000000, 0x0000000085100000, 0x0000000085100000|100%| O|  |TAMS 0x0000000085100000, 0x0000000085000000| Untracked 
|  81|0x0000000085100000, 0x0000000085200000, 0x0000000085200000|100%| O|  |TAMS 0x0000000085200000, 0x0000000085100000| Complete 
|  82|0x0000000085200000, 0x0000000085300000, 0x0000000085300000|100%| O|  |TAMS 0x0000000085300000, 0x0000000085200000| Untracked 
|  83|0x0000000085300000, 0x0000000085400000, 0x0000000085400000|100%| O|  |TAMS 0x0000000085400000, 0x0000000085300000| Untracked 
|  84|0x0000000085400000, 0x0000000085500000, 0x0000000085500000|100%| O|  |TAMS 0x0000000085500000, 0x0000000085400000| Complete 
|  85|0x0000000085500000, 0x0000000085600000, 0x0000000085600000|100%| O|  |TAMS 0x0000000085600000, 0x0000000085500000| Untracked 
|  86|0x0000000085600000, 0x0000000085700000, 0x0000000085700000|100%| O|  |TAMS 0x0000000085700000, 0x0000000085600000| Complete 
|  87|0x0000000085700000, 0x0000000085800000, 0x0000000085800000|100%| O|  |TAMS 0x0000000085800000, 0x0000000085700000| Untracked 
|  88|0x0000000085800000, 0x0000000085900000, 0x0000000085900000|100%| O|  |TAMS 0x0000000085900000, 0x0000000085800000| Complete 
|  89|0x0000000085900000, 0x0000000085a00000, 0x0000000085a00000|100%| O|  |TAMS 0x0000000085a00000, 0x0000000085900000| Untracked 
|  90|0x0000000085a00000, 0x0000000085b00000, 0x0000000085b00000|100%| O|  |TAMS 0x0000000085b00000, 0x0000000085a00000| Untracked 
|  91|0x0000000085b00000, 0x0000000085c00000, 0x0000000085c00000|100%| O|  |TAMS 0x0000000085c00000, 0x0000000085b00000| Untracked 
|  92|0x0000000085c00000, 0x0000000085d00000, 0x0000000085d00000|100%| O|  |TAMS 0x0000000085d00000, 0x0000000085c00000| Untracked 
|  93|0x0000000085d00000, 0x0000000085e00000, 0x0000000085e00000|100%| O|  |TAMS 0x0000000085e00000, 0x0000000085d00000| Complete 
|  94|0x0000000085e00000, 0x0000000085f00000, 0x0000000085f00000|100%| O|  |TAMS 0x0000000085f00000, 0x0000000085e00000| Untracked 
|  95|0x0000000085f00000, 0x0000000086000000, 0x0000000086000000|100%| O|  |TAMS 0x0000000086000000, 0x0000000085f00000| Complete 
|  96|0x0000000086000000, 0x0000000086100000, 0x0000000086100000|100%| O|  |TAMS 0x0000000086100000, 0x0000000086000000| Untracked 
|  97|0x0000000086100000, 0x0000000086200000, 0x0000000086200000|100%| O|  |TAMS 0x0000000086200000, 0x0000000086100000| Untracked 
|  98|0x0000000086200000, 0x0000000086300000, 0x0000000086300000|100%| O|  |TAMS 0x0000000086300000, 0x0000000086200000| Untracked 
|  99|0x0000000086300000, 0x0000000086400000, 0x0000000086400000|100%| O|  |TAMS 0x0000000086400000, 0x0000000086300000| Untracked 
| 100|0x0000000086400000, 0x0000000086500000, 0x0000000086500000|100%| O|  |TAMS 0x0000000086500000, 0x0000000086400000| Untracked 
| 101|0x0000000086500000, 0x0000000086600000, 0x0000000086600000|100%| O|  |TAMS 0x0000000086600000, 0x0000000086500000| Untracked 
| 102|0x0000000086600000, 0x0000000086700000, 0x0000000086700000|100%| O|  |TAMS 0x0000000086700000, 0x0000000086600000| Untracked 
| 103|0x0000000086700000, 0x0000000086800000, 0x0000000086800000|100%| O|  |TAMS 0x0000000086800000, 0x0000000086700000| Untracked 
| 104|0x0000000086800000, 0x0000000086900000, 0x0000000086900000|100%| O|  |TAMS 0x0000000086900000, 0x0000000086800000| Untracked 
| 105|0x0000000086900000, 0x0000000086a00000, 0x0000000086a00000|100%| O|  |TAMS 0x0000000086a00000, 0x0000000086900000| Untracked 
| 106|0x0000000086a00000, 0x0000000086b00000, 0x0000000086b00000|100%| O|  |TAMS 0x0000000086b00000, 0x0000000086a00000| Untracked 
| 107|0x0000000086b00000, 0x0000000086c00000, 0x0000000086c00000|100%| O|  |TAMS 0x0000000086c00000, 0x0000000086b00000| Untracked 
| 108|0x0000000086c00000, 0x0000000086d00000, 0x0000000086d00000|100%| O|  |TAMS 0x0000000086d00000, 0x0000000086c00000| Untracked 
| 109|0x0000000086d00000, 0x0000000086e00000, 0x0000000086e00000|100%| O|  |TAMS 0x0000000086e00000, 0x0000000086d00000| Untracked 
| 110|0x0000000086e00000, 0x0000000086f00000, 0x0000000086f00000|100%| O|  |TAMS 0x0000000086f00000, 0x0000000086e00000| Untracked 
| 111|0x0000000086f00000, 0x0000000087000000, 0x0000000087000000|100%| O|  |TAMS 0x0000000087000000, 0x0000000086f00000| Untracked 
| 112|0x0000000087000000, 0x0000000087100000, 0x0000000087100000|100%| O|  |TAMS 0x0000000087100000, 0x0000000087000000| Untracked 
| 113|0x0000000087100000, 0x0000000087200000, 0x0000000087200000|100%| O|  |TAMS 0x0000000087200000, 0x0000000087100000| Untracked 
| 114|0x0000000087200000, 0x0000000087300000, 0x0000000087300000|100%|HS|  |TAMS 0x0000000087200000, 0x0000000087200000| Complete 
| 115|0x0000000087300000, 0x0000000087400000, 0x0000000087400000|100%|HS|  |TAMS 0x0000000087300000, 0x0000000087300000| Complete 
| 116|0x0000000087400000, 0x0000000087500000, 0x0000000087500000|100%|HS|  |TAMS 0x0000000087400000, 0x0000000087400000| Complete 
| 117|0x0000000087500000, 0x0000000087600000, 0x0000000087600000|100%|HS|  |TAMS 0x0000000087500000, 0x0000000087500000| Complete 
| 118|0x0000000087600000, 0x0000000087700000, 0x0000000087700000|100%|HS|  |TAMS 0x0000000087600000, 0x0000000087600000| Complete 
| 119|0x0000000087700000, 0x0000000087800000, 0x0000000087800000|100%|HS|  |TAMS 0x0000000087700000, 0x0000000087700000| Complete 
| 120|0x0000000087800000, 0x0000000087900000, 0x0000000087900000|100%|HS|  |TAMS 0x0000000087800000, 0x0000000087800000| Complete 
| 121|0x0000000087900000, 0x0000000087a00000, 0x0000000087a00000|100%| O|  |TAMS 0x0000000087900000, 0x0000000087900000| Untracked 
| 122|0x0000000087a00000, 0x0000000087b00000, 0x0000000087b00000|100%| O|  |TAMS 0x0000000087a00000, 0x0000000087a00000| Untracked 
| 123|0x0000000087b00000, 0x0000000087c00000, 0x0000000087c00000|100%| O|  |TAMS 0x0000000087c00000, 0x0000000087b00000| Complete 
| 124|0x0000000087c00000, 0x0000000087d00000, 0x0000000087d00000|100%| O|  |TAMS 0x0000000087d00000, 0x0000000087c00000| Complete 
| 125|0x0000000087d00000, 0x0000000087e00000, 0x0000000087e00000|100%| O|  |TAMS 0x0000000087e00000, 0x0000000087d00000| Untracked 
| 126|0x0000000087e00000, 0x0000000087f00000, 0x0000000087f00000|100%| O|  |TAMS 0x0000000087e00000, 0x0000000087e00000| Untracked 
| 127|0x0000000087f00000, 0x0000000088000000, 0x0000000088000000|100%| O|  |TAMS 0x0000000087f00000, 0x0000000087f00000| Untracked 
| 128|0x0000000088000000, 0x0000000088100000, 0x0000000088100000|100%| O|  |TAMS 0x0000000088000000, 0x0000000088000000| Untracked 
| 129|0x0000000088100000, 0x0000000088200000, 0x0000000088200000|100%| O|  |TAMS 0x0000000088100000, 0x0000000088100000| Untracked 
| 130|0x0000000088200000, 0x00000000882cb000, 0x0000000088300000| 79%| O|  |TAMS 0x0000000088200000, 0x0000000088200000| Untracked 
| 131|0x0000000088300000, 0x0000000088400000, 0x0000000088400000|100%| O|  |TAMS 0x0000000088400000, 0x0000000088300000| Complete 
| 132|0x0000000088400000, 0x0000000088500000, 0x0000000088500000|100%|HS|  |TAMS 0x0000000088400000, 0x0000000088400000| Complete 
| 133|0x0000000088500000, 0x0000000088600000, 0x0000000088600000|100%| O|  |TAMS 0x0000000088600000, 0x0000000088500000| Complete 
| 134|0x0000000088600000, 0x0000000088600000, 0x0000000088700000|  0%| F|  |TAMS 0x0000000088600000, 0x0000000088600000| Untracked 
| 135|0x0000000088700000, 0x0000000088800000, 0x0000000088800000|100%| O|  |TAMS 0x0000000088800000, 0x0000000088700000| Complete 
| 136|0x0000000088800000, 0x0000000088900000, 0x0000000088900000|100%|HS|  |TAMS 0x0000000088800000, 0x0000000088800000| Complete 
| 137|0x0000000088900000, 0x0000000088a00000, 0x0000000088a00000|100%|HC|  |TAMS 0x0000000088900000, 0x0000000088900000| Complete 
| 138|0x0000000088a00000, 0x0000000088b00000, 0x0000000088b00000|100%|HC|  |TAMS 0x0000000088a00000, 0x0000000088a00000| Complete 
| 139|0x0000000088b00000, 0x0000000088c00000, 0x0000000088c00000|100%|HC|  |TAMS 0x0000000088b00000, 0x0000000088b00000| Complete 
| 140|0x0000000088c00000, 0x0000000088d00000, 0x0000000088d00000|100%|HC|  |TAMS 0x0000000088c00000, 0x0000000088c00000| Complete 
| 141|0x0000000088d00000, 0x0000000088e00000, 0x0000000088e00000|100%| O|  |TAMS 0x0000000088e00000, 0x0000000088d00000| Untracked 
| 142|0x0000000088e00000, 0x0000000088f00000, 0x0000000088f00000|100%|HS|  |TAMS 0x0000000088e00000, 0x0000000088e00000| Complete 
| 143|0x0000000088f00000, 0x0000000089000000, 0x0000000089000000|100%|HC|  |TAMS 0x0000000088f00000, 0x0000000088f00000| Complete 
| 144|0x0000000089000000, 0x0000000089100000, 0x0000000089100000|100%|HC|  |TAMS 0x0000000089000000, 0x0000000089000000| Complete 
| 145|0x0000000089100000, 0x0000000089200000, 0x0000000089200000|100%|HC|  |TAMS 0x0000000089100000, 0x0000000089100000| Complete 
| 146|0x0000000089200000, 0x0000000089300000, 0x0000000089300000|100%|HC|  |TAMS 0x0000000089200000, 0x0000000089200000| Complete 
| 147|0x0000000089300000, 0x0000000089400000, 0x0000000089400000|100%|HC|  |TAMS 0x0000000089300000, 0x0000000089300000| Complete 
| 148|0x0000000089400000, 0x0000000089500000, 0x0000000089500000|100%|HS|  |TAMS 0x0000000089400000, 0x0000000089400000| Complete 
| 149|0x0000000089500000, 0x0000000089600000, 0x0000000089600000|100%|HC|  |TAMS 0x0000000089500000, 0x0000000089500000| Complete 
| 150|0x0000000089600000, 0x0000000089600000, 0x0000000089700000|  0%| F|  |TAMS 0x0000000089600000, 0x0000000089600000| Untracked 
| 151|0x0000000089700000, 0x0000000089800000, 0x0000000089800000|100%| O|  |TAMS 0x0000000089800000, 0x0000000089700000| Untracked 
| 152|0x0000000089800000, 0x0000000089900000, 0x0000000089900000|100%| O|  |TAMS 0x0000000089900000, 0x0000000089800000| Complete 
| 153|0x0000000089900000, 0x0000000089a00000, 0x0000000089a00000|100%|HS|  |TAMS 0x0000000089900000, 0x0000000089900000| Complete 
| 154|0x0000000089a00000, 0x0000000089b00000, 0x0000000089b00000|100%|HC|  |TAMS 0x0000000089a00000, 0x0000000089a00000| Complete 
| 155|0x0000000089b00000, 0x0000000089b00000, 0x0000000089c00000|  0%| F|  |TAMS 0x0000000089b00000, 0x0000000089b00000| Untracked 
| 156|0x0000000089c00000, 0x0000000089d00000, 0x0000000089d00000|100%| O|  |TAMS 0x0000000089d00000, 0x0000000089c00000| Untracked 
| 157|0x0000000089d00000, 0x0000000089e00000, 0x0000000089e00000|100%| O|  |TAMS 0x0000000089e00000, 0x0000000089d00000| Complete 
| 158|0x0000000089e00000, 0x0000000089f00000, 0x0000000089f00000|100%|HS|  |TAMS 0x0000000089e00000, 0x0000000089e00000| Complete 
| 159|0x0000000089f00000, 0x000000008a000000, 0x000000008a000000|100%|HC|  |TAMS 0x0000000089f00000, 0x0000000089f00000| Complete 
| 160|0x000000008a000000, 0x000000008a100000, 0x000000008a100000|100%|HC|  |TAMS 0x000000008a000000, 0x000000008a000000| Complete 
| 161|0x000000008a100000, 0x000000008a200000, 0x000000008a200000|100%|HC|  |TAMS 0x000000008a100000, 0x000000008a100000| Complete 
| 162|0x000000008a200000, 0x000000008a300000, 0x000000008a300000|100%|HC|  |TAMS 0x000000008a200000, 0x000000008a200000| Complete 
| 163|0x000000008a300000, 0x000000008a400000, 0x000000008a400000|100%|HS|  |TAMS 0x000000008a300000, 0x000000008a300000| Complete 
| 164|0x000000008a400000, 0x000000008a500000, 0x000000008a500000|100%|HC|  |TAMS 0x000000008a400000, 0x000000008a400000| Complete 
| 165|0x000000008a500000, 0x000000008a600000, 0x000000008a600000|100%|HS|  |TAMS 0x000000008a500000, 0x000000008a500000| Complete 
| 166|0x000000008a600000, 0x000000008a700000, 0x000000008a700000|100%|HC|  |TAMS 0x000000008a600000, 0x000000008a600000| Complete 
| 167|0x000000008a700000, 0x000000008a700000, 0x000000008a800000|  0%| F|  |TAMS 0x000000008a700000, 0x000000008a700000| Untracked 
| 168|0x000000008a800000, 0x000000008a800000, 0x000000008a900000|  0%| F|  |TAMS 0x000000008a800000, 0x000000008a800000| Untracked 
| 169|0x000000008a900000, 0x000000008a900000, 0x000000008aa00000|  0%| F|  |TAMS 0x000000008a900000, 0x000000008a900000| Untracked 
| 170|0x000000008aa00000, 0x000000008aa00000, 0x000000008ab00000|  0%| F|  |TAMS 0x000000008aa00000, 0x000000008aa00000| Untracked 
| 171|0x000000008ab00000, 0x000000008ab00000, 0x000000008ac00000|  0%| F|  |TAMS 0x000000008ab00000, 0x000000008ab00000| Untracked 
| 172|0x000000008ac00000, 0x000000008ac00000, 0x000000008ad00000|  0%| F|  |TAMS 0x000000008ac00000, 0x000000008ac00000| Untracked 
| 173|0x000000008ad00000, 0x000000008ad00000, 0x000000008ae00000|  0%| F|  |TAMS 0x000000008ad00000, 0x000000008ad00000| Untracked 
| 174|0x000000008ae00000, 0x000000008ae00000, 0x000000008af00000|  0%| F|  |TAMS 0x000000008ae00000, 0x000000008ae00000| Untracked 
| 175|0x000000008af00000, 0x000000008af00000, 0x000000008b000000|  0%| F|  |TAMS 0x000000008af00000, 0x000000008af00000| Untracked 
| 176|0x000000008b000000, 0x000000008b000000, 0x000000008b100000|  0%| F|  |TAMS 0x000000008b000000, 0x000000008b000000| Untracked 
| 177|0x000000008b100000, 0x000000008b100000, 0x000000008b200000|  0%| F|  |TAMS 0x000000008b100000, 0x000000008b100000| Untracked 
| 178|0x000000008b200000, 0x000000008b200000, 0x000000008b300000|  0%| F|  |TAMS 0x000000008b200000, 0x000000008b200000| Untracked 
| 179|0x000000008b300000, 0x000000008b400000, 0x000000008b400000|100%| S|CS|TAMS 0x000000008b300000, 0x000000008b300000| Complete 
| 180|0x000000008b400000, 0x000000008b500000, 0x000000008b500000|100%| S|CS|TAMS 0x000000008b400000, 0x000000008b400000| Complete 
| 181|0x000000008b500000, 0x000000008b600000, 0x000000008b600000|100%| S|CS|TAMS 0x000000008b500000, 0x000000008b500000| Complete 
| 182|0x000000008b600000, 0x000000008b700000, 0x000000008b700000|100%| S|CS|TAMS 0x000000008b600000, 0x000000008b600000| Complete 
| 183|0x000000008b700000, 0x000000008b800000, 0x000000008b800000|100%| S|CS|TAMS 0x000000008b700000, 0x000000008b700000| Complete 
| 184|0x000000008b800000, 0x000000008b900000, 0x000000008b900000|100%| S|CS|TAMS 0x000000008b800000, 0x000000008b800000| Complete 
| 185|0x000000008b900000, 0x000000008ba00000, 0x000000008ba00000|100%| S|CS|TAMS 0x000000008b900000, 0x000000008b900000| Complete 
| 186|0x000000008ba00000, 0x000000008bb00000, 0x000000008bb00000|100%| S|CS|TAMS 0x000000008ba00000, 0x000000008ba00000| Complete 
| 187|0x000000008bb00000, 0x000000008bc00000, 0x000000008bc00000|100%| S|CS|TAMS 0x000000008bb00000, 0x000000008bb00000| Complete 
| 188|0x000000008bc00000, 0x000000008bc00000, 0x000000008bd00000|  0%| F|  |TAMS 0x000000008bc00000, 0x000000008bc00000| Untracked 
| 189|0x000000008bd00000, 0x000000008bd00000, 0x000000008be00000|  0%| F|  |TAMS 0x000000008bd00000, 0x000000008bd00000| Untracked 
| 190|0x000000008be00000, 0x000000008be00000, 0x000000008bf00000|  0%| F|  |TAMS 0x000000008be00000, 0x000000008be00000| Untracked 
| 191|0x000000008bf00000, 0x000000008bf00000, 0x000000008c000000|  0%| F|  |TAMS 0x000000008bf00000, 0x000000008bf00000| Untracked 
| 192|0x000000008c000000, 0x000000008c000000, 0x000000008c100000|  0%| F|  |TAMS 0x000000008c000000, 0x000000008c000000| Untracked 
| 193|0x000000008c100000, 0x000000008c100000, 0x000000008c200000|  0%| F|  |TAMS 0x000000008c100000, 0x000000008c100000| Untracked 
| 194|0x000000008c200000, 0x000000008c200000, 0x000000008c300000|  0%| F|  |TAMS 0x000000008c200000, 0x000000008c200000| Untracked 
| 195|0x000000008c300000, 0x000000008c300000, 0x000000008c400000|  0%| F|  |TAMS 0x000000008c300000, 0x000000008c300000| Untracked 
| 196|0x000000008c400000, 0x000000008c400000, 0x000000008c500000|  0%| F|  |TAMS 0x000000008c400000, 0x000000008c400000| Untracked 
| 197|0x000000008c500000, 0x000000008c500000, 0x000000008c600000|  0%| F|  |TAMS 0x000000008c500000, 0x000000008c500000| Untracked 
| 198|0x000000008c600000, 0x000000008c600000, 0x000000008c700000|  0%| F|  |TAMS 0x000000008c600000, 0x000000008c600000| Untracked 
| 199|0x000000008c700000, 0x000000008c700000, 0x000000008c800000|  0%| F|  |TAMS 0x000000008c700000, 0x000000008c700000| Untracked 
| 200|0x000000008c800000, 0x000000008c800000, 0x000000008c900000|  0%| F|  |TAMS 0x000000008c800000, 0x000000008c800000| Untracked 
| 201|0x000000008c900000, 0x000000008c900000, 0x000000008ca00000|  0%| F|  |TAMS 0x000000008c900000, 0x000000008c900000| Untracked 
| 202|0x000000008ca00000, 0x000000008ca00000, 0x000000008cb00000|  0%| F|  |TAMS 0x000000008ca00000, 0x000000008ca00000| Untracked 
| 203|0x000000008cb00000, 0x000000008cb00000, 0x000000008cc00000|  0%| F|  |TAMS 0x000000008cb00000, 0x000000008cb00000| Untracked 
| 204|0x000000008cc00000, 0x000000008cc00000, 0x000000008cd00000|  0%| F|  |TAMS 0x000000008cc00000, 0x000000008cc00000| Untracked 
| 205|0x000000008cd00000, 0x000000008cd00000, 0x000000008ce00000|  0%| F|  |TAMS 0x000000008cd00000, 0x000000008cd00000| Untracked 
| 206|0x000000008ce00000, 0x000000008ce00000, 0x000000008cf00000|  0%| F|  |TAMS 0x000000008ce00000, 0x000000008ce00000| Untracked 
| 207|0x000000008cf00000, 0x000000008cf00000, 0x000000008d000000|  0%| F|  |TAMS 0x000000008cf00000, 0x000000008cf00000| Untracked 
| 208|0x000000008d000000, 0x000000008d000000, 0x000000008d100000|  0%| F|  |TAMS 0x000000008d000000, 0x000000008d000000| Untracked 
| 209|0x000000008d100000, 0x000000008d100000, 0x000000008d200000|  0%| F|  |TAMS 0x000000008d100000, 0x000000008d100000| Untracked 
| 210|0x000000008d200000, 0x000000008d200000, 0x000000008d300000|  0%| F|  |TAMS 0x000000008d200000, 0x000000008d200000| Untracked 
| 211|0x000000008d300000, 0x000000008d361358, 0x000000008d400000| 37%| E|  |TAMS 0x000000008d300000, 0x000000008d300000| Complete 
| 212|0x000000008d400000, 0x000000008d500000, 0x000000008d500000|100%| E|CS|TAMS 0x000000008d400000, 0x000000008d400000| Complete 
| 213|0x000000008d500000, 0x000000008d600000, 0x000000008d600000|100%| E|CS|TAMS 0x000000008d500000, 0x000000008d500000| Complete 
| 214|0x000000008d600000, 0x000000008d700000, 0x000000008d700000|100%| E|CS|TAMS 0x000000008d600000, 0x000000008d600000| Complete 
| 215|0x000000008d700000, 0x000000008d800000, 0x000000008d800000|100%| E|CS|TAMS 0x000000008d700000, 0x000000008d700000| Complete 
| 216|0x000000008d800000, 0x000000008d900000, 0x000000008d900000|100%| E|CS|TAMS 0x000000008d800000, 0x000000008d800000| Complete 
| 217|0x000000008d900000, 0x000000008da00000, 0x000000008da00000|100%| E|CS|TAMS 0x000000008d900000, 0x000000008d900000| Complete 
| 218|0x000000008da00000, 0x000000008db00000, 0x000000008db00000|100%| E|CS|TAMS 0x000000008da00000, 0x000000008da00000| Complete 
| 219|0x000000008db00000, 0x000000008dc00000, 0x000000008dc00000|100%| E|CS|TAMS 0x000000008db00000, 0x000000008db00000| Complete 
| 220|0x000000008dc00000, 0x000000008dd00000, 0x000000008dd00000|100%| E|CS|TAMS 0x000000008dc00000, 0x000000008dc00000| Complete 
| 221|0x000000008dd00000, 0x000000008de00000, 0x000000008de00000|100%| E|CS|TAMS 0x000000008dd00000, 0x000000008dd00000| Complete 
| 222|0x000000008de00000, 0x000000008df00000, 0x000000008df00000|100%| E|CS|TAMS 0x000000008de00000, 0x000000008de00000| Complete 
| 223|0x000000008df00000, 0x000000008e000000, 0x000000008e000000|100%| E|CS|TAMS 0x000000008df00000, 0x000000008df00000| Complete 
| 224|0x000000008e000000, 0x000000008e100000, 0x000000008e100000|100%| E|CS|TAMS 0x000000008e000000, 0x000000008e000000| Complete 
| 225|0x000000008e100000, 0x000000008e200000, 0x000000008e200000|100%| E|CS|TAMS 0x000000008e100000, 0x000000008e100000| Complete 
| 226|0x000000008e200000, 0x000000008e300000, 0x000000008e300000|100%| E|CS|TAMS 0x000000008e200000, 0x000000008e200000| Complete 
| 227|0x000000008e300000, 0x000000008e400000, 0x000000008e400000|100%| E|CS|TAMS 0x000000008e300000, 0x000000008e300000| Complete 
| 228|0x000000008e400000, 0x000000008e500000, 0x000000008e500000|100%| E|CS|TAMS 0x000000008e400000, 0x000000008e400000| Complete 
| 229|0x000000008e500000, 0x000000008e600000, 0x000000008e600000|100%| E|CS|TAMS 0x000000008e500000, 0x000000008e500000| Complete 
| 230|0x000000008e600000, 0x000000008e700000, 0x000000008e700000|100%| E|CS|TAMS 0x000000008e600000, 0x000000008e600000| Complete 
| 231|0x000000008e700000, 0x000000008e800000, 0x000000008e800000|100%| E|CS|TAMS 0x000000008e700000, 0x000000008e700000| Complete 
| 232|0x000000008e800000, 0x000000008e900000, 0x000000008e900000|100%| E|CS|TAMS 0x000000008e800000, 0x000000008e800000| Complete 
| 233|0x000000008e900000, 0x000000008ea00000, 0x000000008ea00000|100%| E|CS|TAMS 0x000000008e900000, 0x000000008e900000| Complete 
| 234|0x000000008ea00000, 0x000000008eb00000, 0x000000008eb00000|100%| E|CS|TAMS 0x000000008ea00000, 0x000000008ea00000| Complete 
| 235|0x000000008eb00000, 0x000000008ec00000, 0x000000008ec00000|100%| E|  |TAMS 0x000000008eb00000, 0x000000008eb00000| Complete 
| 236|0x000000008ec00000, 0x000000008ed00000, 0x000000008ed00000|100%| E|CS|TAMS 0x000000008ec00000, 0x000000008ec00000| Complete 
| 237|0x000000008ed00000, 0x000000008ee00000, 0x000000008ee00000|100%| E|CS|TAMS 0x000000008ed00000, 0x000000008ed00000| Complete 
| 238|0x000000008ee00000, 0x000000008ef00000, 0x000000008ef00000|100%| E|CS|TAMS 0x000000008ee00000, 0x000000008ee00000| Complete 
| 239|0x000000008ef00000, 0x000000008f000000, 0x000000008f000000|100%| E|CS|TAMS 0x000000008ef00000, 0x000000008ef00000| Complete 
| 240|0x000000008f000000, 0x000000008f100000, 0x000000008f100000|100%| E|CS|TAMS 0x000000008f000000, 0x000000008f000000| Complete 
| 241|0x000000008f100000, 0x000000008f200000, 0x000000008f200000|100%| E|CS|TAMS 0x000000008f100000, 0x000000008f100000| Complete 
| 242|0x000000008f200000, 0x000000008f300000, 0x000000008f300000|100%| E|CS|TAMS 0x000000008f200000, 0x000000008f200000| Complete 
| 243|0x000000008f300000, 0x000000008f400000, 0x000000008f400000|100%| E|CS|TAMS 0x000000008f300000, 0x000000008f300000| Complete 
| 244|0x000000008f400000, 0x000000008f500000, 0x000000008f500000|100%| E|CS|TAMS 0x000000008f400000, 0x000000008f400000| Complete 
| 245|0x000000008f500000, 0x000000008f600000, 0x000000008f600000|100%| E|CS|TAMS 0x000000008f500000, 0x000000008f500000| Complete 
| 246|0x000000008f600000, 0x000000008f700000, 0x000000008f700000|100%| E|CS|TAMS 0x000000008f600000, 0x000000008f600000| Complete 
| 247|0x000000008f700000, 0x000000008f800000, 0x000000008f800000|100%| E|CS|TAMS 0x000000008f700000, 0x000000008f700000| Complete 
| 248|0x000000008f800000, 0x000000008f900000, 0x000000008f900000|100%| E|CS|TAMS 0x000000008f800000, 0x000000008f800000| Complete 
| 249|0x000000008f900000, 0x000000008fa00000, 0x000000008fa00000|100%| E|CS|TAMS 0x000000008f900000, 0x000000008f900000| Complete 
| 250|0x000000008fa00000, 0x000000008fb00000, 0x000000008fb00000|100%| E|CS|TAMS 0x000000008fa00000, 0x000000008fa00000| Complete 
| 251|0x000000008fb00000, 0x000000008fc00000, 0x000000008fc00000|100%| E|CS|TAMS 0x000000008fb00000, 0x000000008fb00000| Complete 
| 252|0x000000008fc00000, 0x000000008fd00000, 0x000000008fd00000|100%| E|CS|TAMS 0x000000008fc00000, 0x000000008fc00000| Complete 
| 253|0x000000008fd00000, 0x000000008fe00000, 0x000000008fe00000|100%| E|CS|TAMS 0x000000008fd00000, 0x000000008fd00000| Complete 
| 254|0x000000008fe00000, 0x000000008ff00000, 0x000000008ff00000|100%| E|CS|TAMS 0x000000008fe00000, 0x000000008fe00000| Complete 
| 255|0x000000008ff00000, 0x0000000090000000, 0x0000000090000000|100%| E|CS|TAMS 0x000000008ff00000, 0x000000008ff00000| Complete 

Card table byte_map: [0x0000023466500000,0x0000023466900000] _byte_map_base: 0x0000023466100000

Marking Bits (Prev, Next): (CMBitMap*) 0x00000234537bc9e0, (CMBitMap*) 0x00000234537bc9a8
 Prev Bits: [0x0000023468d00000, 0x000002346ad00000)
 Next Bits: [0x0000023466d00000, 0x0000023468d00000)

Polling page: 0x0000023451710000

Metaspace:

Usage:
  Non-class:    105.22 MB capacity,   103.02 MB ( 98%) used,     1.80 MB (  2%) free+waste,   416.69 KB ( <1%) overhead. 
      Class:     15.38 MB capacity,    14.16 MB ( 92%) used,     1.04 MB (  7%) free+waste,   180.38 KB (  1%) overhead. 
       Both:    120.60 MB capacity,   117.18 MB ( 97%) used,     2.84 MB (  2%) free+waste,   597.06 KB ( <1%) overhead. 

Virtual space:
  Non-class space:      106.00 MB reserved,     105.29 MB (>99%) committed 
      Class space:        1.00 GB reserved,      15.50 MB (  2%) committed 
             Both:        1.10 GB reserved,     120.79 MB ( 11%) committed 

Chunk freelists:
   Non-Class:  3.00 KB
       Class:  0 bytes
        Both:  3.00 KB

MaxMetaspaceSize: 17179869184.00 GB
CompressedClassSpaceSize: 1.00 GB

CodeHeap 'non-profiled nmethods': size=120064Kb used=23171Kb max_used=23252Kb free=96892Kb
 bounds [0x000002345ebc0000, 0x0000023460280000, 0x0000023466100000]
CodeHeap 'profiled nmethods': size=120000Kb used=45537Kb max_used=46199Kb free=74462Kb
 bounds [0x0000023457690000, 0x000002345a400000, 0x000002345ebc0000]
CodeHeap 'non-nmethods': size=5696Kb used=2325Kb max_used=2400Kb free=3371Kb
 bounds [0x0000023457100000, 0x0000023457370000, 0x0000023457690000]
 total_blobs=22547 nmethods=21608 adapters=849
 compilation: enabled
              stopped_count=0, restarted_count=0
 full_count=0

Compilation events (20 events):
Event: 5129.725 Thread 0x000002346dacf800 27792       3       org.gradle.internal.operations.DefaultBuildOperationListenerManager$ProgressShieldingBuildOperationListener::<init> (21 bytes)
Event: 5129.726 Thread 0x000002346dacf800 nmethod 27792 0x000002345a3d6290 code [0x000002345a3d6460, 0x000002345a3d67f8]
Event: 5129.733 Thread 0x000002346dacf800 27793       3       com.google.common.collect.MapMakerInternalMap$StrongKeyWeakValueEntry$Helper::newSegment (8 bytes)
Event: 5129.733 Thread 0x000002346dacf800 nmethod 27793 0x000002345a3d6990 code [0x000002345a3d6b80, 0x000002345a3d70c8]
Event: 5129.733 Thread 0x000002346dacf800 27794       3       com.google.common.collect.MapMakerInternalMap$StrongKeyWeakValueEntry$Helper::newSegment (11 bytes)
Event: 5129.734 Thread 0x000002346dacf800 nmethod 27794 0x000002345a3d7310 code [0x000002345a3d7500, 0x000002345a3d79e8]
Event: 5129.737 Thread 0x000002346dacf800 27795       3       java.lang.invoke.MethodType::genericMethodType (6 bytes)
Event: 5129.737 Thread 0x000002346dacf800 nmethod 27795 0x00000234598fc010 code [0x00000234598fc1c0, 0x00000234598fc2c8]
Event: 5129.737 Thread 0x000002346dacf800 27796       3       java.lang.invoke.MethodType::genericMethodType (95 bytes)
Event: 5129.738 Thread 0x000002346dacf800 nmethod 27796 0x000002345a3d7c10 code [0x000002345a3d7ec0, 0x000002345a3d8c18]
Event: 5129.740 Thread 0x000002346dacf800 27797       3       org.gradle.internal.service.DefaultServiceRegistry::isSatisfiedBy (93 bytes)
Event: 5129.740 Thread 0x000002346dacf800 nmethod 27797 0x000002345a3d9090 code [0x000002345a3d92e0, 0x000002345a3d9c08]
Event: 5129.745 Thread 0x000002346dacf800 27798       3       org.gradle.internal.concurrent.DefaultExecutorFactory$TrackedManagedExecutor::<init> (12 bytes)
Event: 5129.746 Thread 0x000002346dacf800 nmethod 27798 0x000002345a3d9f10 code [0x000002345a3da120, 0x000002345a3da758]
Event: 5129.750 Thread 0x000002346dacf800 27799   !   3       org.gradle.internal.event.DefaultListenerManager$EventBroadcast::maybeSetLogger (93 bytes)
Event: 5129.751 Thread 0x000002346dacf800 nmethod 27799 0x000002345a3da990 code [0x000002345a3dac00, 0x000002345a3db598]
Event: 5129.763 Thread 0x000002346dacf800 27801       3       org.gradle.cache.internal.DefaultCacheFactory$ReferenceTrackingCache::createCache (14 bytes)
Event: 5129.763 Thread 0x000002346dacf800 nmethod 27801 0x000002345a3dba10 code [0x000002345a3dbbe0, 0x000002345a3dbdc8]
Event: 5129.763 Thread 0x000002346dacf800 27802       3       org.gradle.cache.internal.DefaultPersistentDirectoryStore::createCache (11 bytes)
Event: 5129.763 Thread 0x000002346dacf800 nmethod 27802 0x000002345a3dbf10 code [0x000002345a3dc0e0, 0x000002345a3dc2c8]

GC Heap History (20 events):
Event: 5098.845 GC heap before
{Heap before GC invocations=210 (full 0):
 garbage-first heap   total 262144K, used 169308K [0x0000000080000000, 0x0000000100000000)
  region size 1024K, 63 young (64512K), 2 survivors (2048K)
 Metaspace       used 117696K, capacity 120700K, committed 121636K, reserved 1155072K
  class space    used 14221K, capacity 15321K, committed 15616K, reserved 1048576K
}
Event: 5098.853 GC heap after
{Heap after GC invocations=211 (full 0):
 garbage-first heap   total 262144K, used 93249K [0x0000000080000000, 0x0000000100000000)
  region size 1024K, 5 young (5120K), 5 survivors (5120K)
 Metaspace       used 117696K, capacity 120700K, committed 121636K, reserved 1155072K
  class space    used 14221K, capacity 15321K, committed 15616K, reserved 1048576K
}
Event: 5099.017 GC heap before
{Heap before GC invocations=211 (full 0):
 garbage-first heap   total 262144K, used 99393K [0x0000000080000000, 0x0000000100000000)
  region size 1024K, 12 young (12288K), 5 survivors (5120K)
 Metaspace       used 118236K, capacity 121353K, committed 122148K, reserved 1157120K
  class space    used 14294K, capacity 15427K, committed 15616K, reserved 1048576K
}
Event: 5099.032 GC heap after
{Heap after GC invocations=212 (full 0):
 garbage-first heap   total 262144K, used 74529K [0x0000000080000000, 0x0000000100000000)
  region size 1024K, 1 young (1024K), 1 survivors (1024K)
 Metaspace       used 118236K, capacity 121353K, committed 122148K, reserved 1157120K
  class space    used 14294K, capacity 15427K, committed 15616K, reserved 1048576K
}
Event: 5102.038 GC heap before
{Heap before GC invocations=212 (full 0):
 garbage-first heap   total 262144K, used 168737K [0x0000000080000000, 0x0000000100000000)
  region size 1024K, 94 young (96256K), 1 survivors (1024K)
 Metaspace       used 118811K, capacity 121956K, committed 122788K, reserved 1157120K
  class space    used 14351K, capacity 15482K, committed 15744K, reserved 1048576K
}
Event: 5102.054 GC heap after
{Heap after GC invocations=213 (full 0):
 garbage-first heap   total 262144K, used 79335K [0x0000000080000000, 0x0000000100000000)
  region size 1024K, 6 young (6144K), 6 survivors (6144K)
 Metaspace       used 118811K, capacity 121956K, committed 122788K, reserved 1157120K
  class space    used 14351K, capacity 15482K, committed 15744K, reserved 1048576K
}
Event: 5103.735 GC heap before
{Heap before GC invocations=214 (full 0):
 garbage-first heap   total 262144K, used 182759K [0x0000000080000000, 0x0000000100000000)
  region size 1024K, 102 young (104448K), 6 survivors (6144K)
 Metaspace       used 119016K, capacity 122162K, committed 122788K, reserved 1157120K
  class space    used 14361K, capacity 15495K, committed 15744K, reserved 1048576K
}
Event: 5103.748 GC heap after
{Heap after GC invocations=215 (full 0):
 garbage-first heap   total 262144K, used 86081K [0x0000000080000000, 0x0000000100000000)
  region size 1024K, 8 young (8192K), 8 survivors (8192K)
 Metaspace       used 119016K, capacity 122162K, committed 122788K, reserved 1157120K
  class space    used 14361K, capacity 15495K, committed 15744K, reserved 1048576K
}
Event: 5103.755 GC heap before
{Heap before GC invocations=215 (full 0):
 garbage-first heap   total 262144K, used 90177K [0x0000000080000000, 0x0000000100000000)
  region size 1024K, 12 young (12288K), 8 survivors (8192K)
 Metaspace       used 119018K, capacity 122163K, committed 122788K, reserved 1157120K
  class space    used 14361K, capacity 15495K, committed 15744K, reserved 1048576K
}
Event: 5103.767 GC heap after
{Heap after GC invocations=216 (full 0):
 garbage-first heap   total 262144K, used 84622K [0x0000000080000000, 0x0000000100000000)
  region size 1024K, 2 young (2048K), 2 survivors (2048K)
 Metaspace       used 119018K, capacity 122163K, committed 122788K, reserved 1157120K
  class space    used 14361K, capacity 15495K, committed 15744K, reserved 1048576K
}
Event: 5104.361 GC heap before
{Heap before GC invocations=216 (full 0):
 garbage-first heap   total 262144K, used 145038K [0x0000000080000000, 0x0000000100000000)
  region size 1024K, 63 young (64512K), 2 survivors (2048K)
 Metaspace       used 119259K, capacity 122447K, committed 123044K, reserved 1157120K
  class space    used 14364K, capacity 15498K, committed 15744K, reserved 1048576K
}
Event: 5104.389 GC heap after
{Heap after GC invocations=217 (full 0):
 garbage-first heap   total 262144K, used 94750K [0x0000000080000000, 0x0000000100000000)
  region size 1024K, 12 young (12288K), 12 survivors (12288K)
 Metaspace       used 119259K, capacity 122447K, committed 123044K, reserved 1157120K
  class space    used 14364K, capacity 15498K, committed 15744K, reserved 1048576K
}
Event: 5105.323 GC heap before
{Heap before GC invocations=218 (full 0):
 garbage-first heap   total 262144K, used 204318K [0x0000000080000000, 0x0000000100000000)
  region size 1024K, 103 young (105472K), 12 survivors (12288K)
 Metaspace       used 119295K, capacity 122483K, committed 123044K, reserved 1157120K
  class space    used 14367K, capacity 15504K, committed 15744K, reserved 1048576K
}
Event: 5105.390 GC heap after
{Heap after GC invocations=219 (full 0):
 garbage-first heap   total 262144K, used 126941K [0x0000000080000000, 0x0000000100000000)
  region size 1024K, 13 young (13312K), 13 survivors (13312K)
 Metaspace       used 119295K, capacity 122483K, committed 123044K, reserved 1157120K
  class space    used 14367K, capacity 15504K, committed 15744K, reserved 1048576K
}
Event: 5105.398 GC heap before
{Heap before GC invocations=219 (full 0):
 garbage-first heap   total 262144K, used 126941K [0x0000000080000000, 0x0000000100000000)
  region size 1024K, 14 young (14336K), 13 survivors (13312K)
 Metaspace       used 119295K, capacity 122483K, committed 123044K, reserved 1157120K
  class space    used 14367K, capacity 15504K, committed 15744K, reserved 1048576K
}
Event: 5105.438 GC heap after
{Heap after GC invocations=220 (full 0):
 garbage-first heap   total 262144K, used 128512K [0x0000000080000000, 0x0000000100000000)
  region size 1024K, 2 young (2048K), 2 survivors (2048K)
 Metaspace       used 119295K, capacity 122483K, committed 123044K, reserved 1157120K
  class space    used 14367K, capacity 15504K, committed 15744K, reserved 1048576K
}
Event: 5105.514 GC heap before
{Heap before GC invocations=220 (full 0):
 garbage-first heap   total 262144K, used 138752K [0x0000000080000000, 0x0000000100000000)
  region size 1024K, 13 young (13312K), 2 survivors (2048K)
 Metaspace       used 119296K, capacity 122483K, committed 123044K, reserved 1157120K
  class space    used 14367K, capacity 15504K, committed 15744K, reserved 1048576K
}
Event: 5105.528 GC heap after
{Heap after GC invocations=221 (full 0):
 garbage-first heap   total 262144K, used 132025K [0x0000000080000000, 0x0000000100000000)
  region size 1024K, 5 young (5120K), 5 survivors (5120K)
 Metaspace       used 119296K, capacity 122483K, committed 123044K, reserved 1157120K
  class space    used 14367K, capacity 15504K, committed 15744K, reserved 1048576K
}
Event: 5105.927 GC heap before
{Heap before GC invocations=221 (full 0):
 garbage-first heap   total 262144K, used 209849K [0x0000000080000000, 0x0000000100000000)
  region size 1024K, 68 young (69632K), 5 survivors (5120K)
 Metaspace       used 119297K, capacity 122483K, committed 123044K, reserved 1157120K
  class space    used 14367K, capacity 15504K, committed 15744K, reserved 1048576K
}
Event: 5105.960 GC heap after
{Heap after GC invocations=222 (full 0):
 garbage-first heap   total 262144K, used 157484K [0x0000000080000000, 0x0000000100000000)
  region size 1024K, 9 young (9216K), 9 survivors (9216K)
 Metaspace       used 119297K, capacity 122483K, committed 123044K, reserved 1157120K
  class space    used 14367K, capacity 15504K, committed 15744K, reserved 1048576K
}

Deoptimization events (20 events):
Event: 5104.407 Thread 0x000002346ff9a800 DEOPT PACKING pc=0x000002345f32068c sp=0x0000008a08cfd010
Event: 5104.407 Thread 0x000002346ff9a800 DEOPT UNPACKING pc=0x00000234571274af sp=0x0000008a08cfcf08 mode 2
Event: 5104.961 Thread 0x00000234718ac000 DEOPT PACKING pc=0x0000023459e9b26e sp=0x0000008a096feb00
Event: 5104.961 Thread 0x00000234718ac000 DEOPT UNPACKING pc=0x00000234571272ce sp=0x0000008a096fe188 mode 0
Event: 5105.119 Thread 0x00000234718ad800 Uncommon trap: trap_request=0xffffff4d fr.pc=0x000002345ff29eb8 relative=0x0000000000000af8
Event: 5105.119 Thread 0x00000234718ad800 Uncommon trap: reason=unstable_if action=reinterpret pc=0x000002345ff29eb8 method=jdk.internal.misc.Unsafe.getAndBitwiseOrInt(Ljava/lang/Object;JI)I @ 21 c2
Event: 5105.119 Thread 0x00000234718ad800 DEOPT PACKING pc=0x000002345ff29eb8 sp=0x0000008a098ff2d0
Event: 5105.119 Thread 0x00000234718ad800 DEOPT UNPACKING pc=0x00000234571274af sp=0x0000008a098fef88 mode 2
Event: 5105.122 Thread 0x000002347319b000 Uncommon trap: trap_request=0xffffff4d fr.pc=0x0000023460045030 relative=0x0000000000000f70
Event: 5105.122 Thread 0x000002347319b000 Uncommon trap: reason=unstable_if action=reinterpret pc=0x0000023460045030 method=jdk.internal.misc.Unsafe.getAndBitwiseOrInt(Ljava/lang/Object;JI)I @ 21 c2
Event: 5105.122 Thread 0x000002347319b000 DEOPT PACKING pc=0x0000023460045030 sp=0x0000008a08ffdf90
Event: 5105.122 Thread 0x000002347319b000 DEOPT UNPACKING pc=0x00000234571274af sp=0x0000008a08ffdd30 mode 2
Event: 5105.126 Thread 0x000002347319b000 Uncommon trap: trap_request=0xffffff4d fr.pc=0x0000023460042970 relative=0x0000000000000c70
Event: 5105.126 Thread 0x000002347319b000 Uncommon trap: reason=unstable_if action=reinterpret pc=0x0000023460042970 method=jdk.internal.misc.Unsafe.getAndBitwiseOrInt(Ljava/lang/Object;JI)I @ 21 c2
Event: 5105.126 Thread 0x000002347319b000 DEOPT PACKING pc=0x0000023460042970 sp=0x0000008a08ffde80
Event: 5105.126 Thread 0x000002347319b000 DEOPT UNPACKING pc=0x00000234571274af sp=0x0000008a08ffdc20 mode 2
Event: 5105.139 Thread 0x00000234718ae800 Uncommon trap: trap_request=0xffffff4d fr.pc=0x000002345f973a00 relative=0x0000000000000320
Event: 5105.139 Thread 0x00000234718ae800 Uncommon trap: reason=unstable_if action=reinterpret pc=0x000002345f973a00 method=jdk.internal.misc.Unsafe.getAndBitwiseOrInt(Ljava/lang/Object;JI)I @ 21 c2
Event: 5105.139 Thread 0x00000234718ae800 DEOPT PACKING pc=0x000002345f973a00 sp=0x0000008a097fee40
Event: 5105.139 Thread 0x00000234718ae800 DEOPT UNPACKING pc=0x00000234571274af sp=0x0000008a097fec00 mode 2

Classes redefined (0 events):
No events

Internal exceptions (20 events):
Event: 5103.222 Thread 0x0000023471852800 Exception <a 'sun/nio/fs/WindowsException'{0x000000008bda9420}> (0x000000008bda9420) thrown at [./src/hotspot/share/prims/jni.cpp, line 615]
Event: 5103.250 Thread 0x0000023471852800 Exception <a 'sun/nio/fs/WindowsException'{0x000000008bdb00f8}> (0x000000008bdb00f8) thrown at [./src/hotspot/share/prims/jni.cpp, line 615]
Event: 5103.254 Thread 0x0000023471852800 Exception <a 'sun/nio/fs/WindowsException'{0x000000008bdbe360}> (0x000000008bdbe360) thrown at [./src/hotspot/share/prims/jni.cpp, line 615]
Event: 5103.263 Thread 0x0000023471852800 Exception <a 'sun/nio/fs/WindowsException'{0x000000008bdc5680}> (0x000000008bdc5680) thrown at [./src/hotspot/share/prims/jni.cpp, line 615]
Event: 5103.275 Thread 0x0000023471852800 Exception <a 'sun/nio/fs/WindowsException'{0x000000008bc07410}> (0x000000008bc07410) thrown at [./src/hotspot/share/prims/jni.cpp, line 615]
Event: 5103.311 Thread 0x0000023471852800 Exception <a 'sun/nio/fs/WindowsException'{0x000000008b8a9338}> (0x000000008b8a9338) thrown at [./src/hotspot/share/prims/jni.cpp, line 615]
Event: 5103.317 Thread 0x0000023471852800 Exception <a 'sun/nio/fs/WindowsException'{0x000000008b8c3c38}> (0x000000008b8c3c38) thrown at [./src/hotspot/share/prims/jni.cpp, line 615]
Event: 5103.341 Thread 0x0000023471852800 Exception <a 'sun/nio/fs/WindowsException'{0x000000008b6b63e0}> (0x000000008b6b63e0) thrown at [./src/hotspot/share/prims/jni.cpp, line 615]
Event: 5103.389 Thread 0x0000023471852800 Exception <a 'sun/nio/fs/WindowsException'{0x000000008b448198}> (0x000000008b448198) thrown at [./src/hotspot/share/prims/jni.cpp, line 615]
Event: 5103.398 Thread 0x0000023471852800 Exception <a 'sun/nio/fs/WindowsException'{0x000000008b3d8228}> (0x000000008b3d8228) thrown at [./src/hotspot/share/prims/jni.cpp, line 615]
Event: 5103.446 Thread 0x0000023471852800 Exception <a 'sun/nio/fs/WindowsException'{0x000000008b3e31b0}> (0x000000008b3e31b0) thrown at [./src/hotspot/share/prims/jni.cpp, line 615]
Event: 5103.645 Thread 0x0000023478e7d800 Exception <a 'java/lang/NoSuchMethodError'{0x000000008b162378}: <clinit>> (0x000000008b162378) thrown at [./src/hotspot/share/prims/jni.cpp, line 1362]
Event: 5103.703 Thread 0x000002346ff99000 Exception <a 'sun/nio/fs/WindowsException'{0x000000008a88eba8}> (0x000000008a88eba8) thrown at [./src/hotspot/share/prims/jni.cpp, line 615]
Event: 5103.708 Thread 0x000002346ff99000 Exception <a 'java/lang/NoSuchMethodError'{0x000000008a8b85c0}: <clinit>> (0x000000008a8b85c0) thrown at [./src/hotspot/share/prims/jni.cpp, line 1362]
Event: 5103.714 Thread 0x000002347319b000 Exception <a 'sun/nio/fs/WindowsException'{0x000000008a7b0b90}> (0x000000008a7b0b90) thrown at [./src/hotspot/share/prims/jni.cpp, line 615]
Event: 5103.912 Thread 0x000002347319b000 Exception <a 'sun/nio/fs/WindowsException'{0x000000008e4c4af8}> (0x000000008e4c4af8) thrown at [./src/hotspot/share/prims/jni.cpp, line 615]
Event: 5104.818 Thread 0x000002346ff99000 Exception <a 'java/lang/NoSuchMethodError'{0x000000008fda9470}: <clinit>> (0x000000008fda9470) thrown at [./src/hotspot/share/prims/jni.cpp, line 1362]
Event: 5104.846 Thread 0x000002347319b000 Exception <a 'sun/nio/fs/WindowsException'{0x000000008fb9ae68}> (0x000000008fb9ae68) thrown at [./src/hotspot/share/prims/jni.cpp, line 615]
Event: 5106.133 Thread 0x00000234718ad800 Exception <a 'sun/nio/fs/WindowsException'{0x000000008eb091e0}> (0x000000008eb091e0) thrown at [./src/hotspot/share/prims/jni.cpp, line 615]
Event: 5106.745 Thread 0x00000234718af000 Exception <a 'sun/nio/fs/WindowsException'{0x000000008daaa278}> (0x000000008daaa278) thrown at [./src/hotspot/share/prims/jni.cpp, line 615]

Events (20 events):
Event: 5106.777 Thread 0x000002346ff9a800 Thread exited: 0x000002346ff9a800
Event: 5106.777 Thread 0x0000023478e80800 Thread exited: 0x0000023478e80800
Event: 5106.789 Thread 0x0000023478e7d800 Thread exited: 0x0000023478e7d800
Event: 5106.789 Thread 0x0000023471853800 Thread exited: 0x0000023471853800
Event: 5106.804 Executing VM operation: RevokeBias
Event: 5106.804 Executing VM operation: RevokeBias done
Event: 5106.804 Thread 0x0000023471850000 Thread exited: 0x0000023471850000
Event: 5106.809 Thread 0x000002347184f800 Thread exited: 0x000002347184f800
Event: 5106.810 Executing VM operation: RevokeBias
Event: 5106.810 Executing VM operation: RevokeBias done
Event: 5106.810 Executing VM operation: RevokeBias
Event: 5106.810 Executing VM operation: RevokeBias done
Event: 5106.811 Thread 0x0000023471851000 Thread exited: 0x0000023471851000
Event: 5129.700 Thread 0x00000234718af000 Thread added: 0x00000234718af000
Event: 5129.708 Thread 0x00000234718b0000 Thread added: 0x00000234718b0000
Event: 5129.721 Thread 0x00000234718aa800 Thread added: 0x00000234718aa800
Event: 5129.721 Thread 0x00000234718b1000 Thread added: 0x00000234718b1000
Event: 5129.722 Thread 0x00000234718ac000 Thread added: 0x00000234718ac000
Event: 5129.745 Thread 0x0000023478e79800 Thread added: 0x0000023478e79800
Event: 5129.762 Thread 0x0000023478e7a000 Thread added: 0x0000023478e7a000


Dynamic libraries:
0x00007ff7a1380000 - 0x00007ff7a138a000 	D:\android studio\jre\bin\java.exe
0x00007ffe3b750000 - 0x00007ffe3b945000 	C:\WINDOWS\SYSTEM32\ntdll.dll
0x00007ffe3b650000 - 0x00007ffe3b70d000 	C:\WINDOWS\System32\KERNEL32.DLL
0x00007ffe390a0000 - 0x00007ffe39368000 	C:\WINDOWS\System32\KERNELBASE.dll
0x00007ffe39560000 - 0x00007ffe39660000 	C:\WINDOWS\System32\ucrtbase.dll
0x00007ffe28e60000 - 0x00007ffe28e79000 	D:\android studio\jre\bin\jli.dll
0x00007ffe28e20000 - 0x00007ffe28e37000 	D:\android studio\jre\bin\VCRUNTIME140.dll
0x00007ffe39af0000 - 0x00007ffe39c90000 	C:\WINDOWS\System32\USER32.dll
0x00007ffe39500000 - 0x00007ffe39522000 	C:\WINDOWS\System32\win32u.dll
0x00007ffe3b4d0000 - 0x00007ffe3b4fa000 	C:\WINDOWS\System32\GDI32.dll
0x00007ffe38e90000 - 0x00007ffe38f9b000 	C:\WINDOWS\System32\gdi32full.dll
0x00007ffe39000000 - 0x00007ffe3909d000 	C:\WINDOWS\System32\msvcp_win.dll
0x00007ffe2b5c0000 - 0x00007ffe2b85a000 	C:\WINDOWS\WinSxS\amd64_microsoft.windows.common-controls_6595b64144ccf1df_6.0.19041.1052_none_60b8f8fd71f5e8cb\COMCTL32.dll
0x00007ffe3af90000 - 0x00007ffe3b02e000 	C:\WINDOWS\System32\msvcrt.dll
0x00007ffe3a1b0000 - 0x00007ffe3a1e0000 	C:\WINDOWS\System32\IMM32.DLL
0x00007ffe13700000 - 0x00007ffe1379d000 	D:\android studio\jre\bin\msvcp140.dll
0x00007ffdbf5f0000 - 0x00007ffdc00ac000 	D:\android studio\jre\bin\server\jvm.dll
0x00007ffe3a410000 - 0x00007ffe3a4bc000 	C:\WINDOWS\System32\ADVAPI32.dll
0x00007ffe3a240000 - 0x00007ffe3a2db000 	C:\WINDOWS\System32\sechost.dll
0x00007ffe3a2e0000 - 0x00007ffe3a40b000 	C:\WINDOWS\System32\RPCRT4.dll
0x00007ffe3b330000 - 0x00007ffe3b338000 	C:\WINDOWS\System32\PSAPI.DLL
0x00007ffe1cca0000 - 0x00007ffe1cca9000 	C:\WINDOWS\SYSTEM32\WSOCK32.dll
0x00007ffe3b5e0000 - 0x00007ffe3b64b000 	C:\WINDOWS\System32\WS2_32.dll
0x00007ffe2dd30000 - 0x00007ffe2dd57000 	C:\WINDOWS\SYSTEM32\WINMM.dll
0x00007ffe31d10000 - 0x00007ffe31d1a000 	C:\WINDOWS\SYSTEM32\VERSION.dll
0x00007ffe377b0000 - 0x00007ffe377c2000 	C:\WINDOWS\SYSTEM32\kernel.appcore.dll
0x00007ffe331d0000 - 0x00007ffe331e1000 	D:\android studio\jre\bin\verify.dll
0x00007ffe311d0000 - 0x00007ffe313b4000 	C:\WINDOWS\SYSTEM32\DBGHELP.DLL
0x00007ffe30ba0000 - 0x00007ffe30bcc000 	C:\WINDOWS\SYSTEM32\dbgcore.DLL
0x00007ffe39370000 - 0x00007ffe393f3000 	C:\WINDOWS\System32\bcryptPrimitives.dll
0x00007ffe31f10000 - 0x00007ffe31f39000 	D:\android studio\jre\bin\java.dll
0x00007ffe331c0000 - 0x00007ffe331cb000 	D:\android studio\jre\bin\jimage.dll
0x00007ffe30340000 - 0x00007ffe30358000 	D:\android studio\jre\bin\zip.dll
0x00007ffe3a850000 - 0x00007ffe3af8f000 	C:\WINDOWS\System32\SHELL32.dll
0x00007ffe36e50000 - 0x00007ffe375e0000 	C:\WINDOWS\SYSTEM32\windows.storage.dll
0x00007ffe3a4d0000 - 0x00007ffe3a825000 	C:\WINDOWS\System32\combase.dll
0x00007ffe38900000 - 0x00007ffe3892c000 	C:\WINDOWS\SYSTEM32\Wldp.dll
0x00007ffe39920000 - 0x00007ffe399ce000 	C:\WINDOWS\System32\SHCORE.dll
0x00007ffe3b470000 - 0x00007ffe3b4c5000 	C:\WINDOWS\System32\shlwapi.dll
0x00007ffe38dd0000 - 0x00007ffe38def000 	C:\WINDOWS\SYSTEM32\profapi.dll
0x00007ffe30320000 - 0x00007ffe3033a000 	D:\android studio\jre\bin\net.dll
0x00007ffe2dd60000 - 0x00007ffe2de6b000 	C:\WINDOWS\SYSTEM32\WINHTTP.dll
0x00007ffe38670000 - 0x00007ffe386da000 	C:\WINDOWS\system32\mswsock.dll
0x00007ffe30300000 - 0x00007ffe30314000 	D:\android studio\jre\bin\nio.dll
0x00007ffe17940000 - 0x00007ffe17967000 	C:\Users\Vincent\.gradle\native\fdc75f09e3144964f2cf3f50f0aa648679c211496f362492102eb8c894070792\windows-amd64\native-platform.dll
0x00007ffe15d80000 - 0x00007ffe15f16000 	C:\Users\Vincent\.gradle\native\12488b8bf47d2d4c9fbf2f6322a914ad602e24e48041cd04a747c6da556b65c4\windows-amd64\native-platform-file-events.dll
0x00007ffe31f00000 - 0x00007ffe31f0a000 	D:\android studio\jre\bin\management.dll
0x00007ffe302f0000 - 0x00007ffe302fc000 	D:\android studio\jre\bin\management_ext.dll
0x00007ffe38850000 - 0x00007ffe38868000 	C:\WINDOWS\SYSTEM32\CRYPTSP.dll
0x00007ffe37fa0000 - 0x00007ffe37fd4000 	C:\WINDOWS\system32\rsaenh.dll
0x00007ffe39530000 - 0x00007ffe39557000 	C:\WINDOWS\System32\bcrypt.dll
0x00007ffe38d90000 - 0x00007ffe38dbe000 	C:\WINDOWS\SYSTEM32\USERENV.dll
0x00007ffe38840000 - 0x00007ffe3884c000 	C:\WINDOWS\SYSTEM32\CRYPTBASE.dll
0x00007ffe38310000 - 0x00007ffe3834b000 	C:\WINDOWS\SYSTEM32\IPHLPAPI.DLL
0x00007ffe3b240000 - 0x00007ffe3b248000 	C:\WINDOWS\System32\NSI.dll
0x00007ffe31d20000 - 0x00007ffe31d37000 	C:\WINDOWS\SYSTEM32\dhcpcsvc6.DLL
0x00007ffe327e0000 - 0x00007ffe327fd000 	C:\WINDOWS\SYSTEM32\dhcpcsvc.DLL
0x00007ffe38350000 - 0x00007ffe3841c000 	C:\WINDOWS\SYSTEM32\DNSAPI.dll
0x00007ffe32e30000 - 0x00007ffe32e3b000 	C:\WINDOWS\SYSTEM32\WINNSI.DLL
0x00007ffe2b860000 - 0x00007ffe2b887000 	D:\android studio\jre\bin\sunec.dll

dbghelp: loaded successfully - version: 4.0.5 - missing functions: none
symbol engine: initialized successfully - sym options: 0x614 - pdb path: .;D:\android studio\jre\bin;C:\WINDOWS\SYSTEM32;C:\WINDOWS\WinSxS\amd64_microsoft.windows.common-controls_6595b64144ccf1df_6.0.19041.1052_none_60b8f8fd71f5e8cb;D:\android studio\jre\bin\server;C:\Users\Vincent\.gradle\native\fdc75f09e3144964f2cf3f50f0aa648679c211496f362492102eb8c894070792\windows-amd64;C:\Users\Vincent\.gradle\native\12488b8bf47d2d4c9fbf2f6322a914ad602e24e48041cd04a747c6da556b65c4\windows-amd64

VM Arguments:
jvm_args: --add-opens=java.base/java.util=ALL-UNNAMED --add-opens=java.base/java.lang=ALL-UNNAMED --add-opens=java.base/java.lang.invoke=ALL-UNNAMED --add-opens=java.prefs/java.util.prefs=ALL-UNNAMED -Xmx2048m -Dfile.encoding=UTF-8 -Duser.country=TW -Duser.language=zh -Duser.variant 
java_command: org.gradle.launcher.daemon.bootstrap.GradleDaemon 6.7.1
java_class_path (initial): C:\Users\Vincent\.gradle\wrapper\dists\gradle-6.7.1-bin\bwlcbys1h7rz3272sye1xwiv6\gradle-6.7.1\lib\gradle-launcher-6.7.1.jar
Launcher Type: SUN_STANDARD

[Global flags]
     intx CICompilerCount                          = 3                                         {product} {ergonomic}
     uint ConcGCThreads                            = 1                                         {product} {ergonomic}
     uint G1ConcRefinementThreads                  = 4                                         {product} {ergonomic}
   size_t G1HeapRegionSize                         = 1048576                                   {product} {ergonomic}
    uintx GCDrainStackTargetSize                   = 64                                        {product} {ergonomic}
   size_t InitialHeapSize                          = 268435456                                 {product} {ergonomic}
   size_t MarkStackSize                            = 4194304                                   {product} {ergonomic}
   size_t MaxHeapSize                              = 2147483648                                {product} {command line}
   size_t MaxNewSize                               = 1287651328                                {product} {ergonomic}
   size_t MinHeapDeltaBytes                        = 1048576                                   {product} {ergonomic}
    uintx NonNMethodCodeHeapSize                   = 5830732                                {pd product} {ergonomic}
    uintx NonProfiledCodeHeapSize                  = 122913754                              {pd product} {ergonomic}
    uintx ProfiledCodeHeapSize                     = 122913754                              {pd product} {ergonomic}
    uintx ReservedCodeCacheSize                    = 251658240                              {pd product} {ergonomic}
     bool SegmentedCodeCache                       = true                                      {product} {ergonomic}
     bool UseCompressedClassPointers               = true                                 {lp64_product} {ergonomic}
     bool UseCompressedOops                        = true                                 {lp64_product} {ergonomic}
     bool UseG1GC                                  = true                                      {product} {ergonomic}
     bool UseLargePagesIndividualAllocation        = false                                  {pd product} {ergonomic}

Logging:
Log output configuration:
 #0: stdout all=warning uptime,level,tags
 #1: stderr all=off uptime,level,tags

Environment Variables:
PATH=C:\Program Files\NVIDIA GPU Computing Toolkit\CUDA\v9.2\bin;C:\Program Files\NVIDIA GPU Computing Toolkit\CUDA\v9.2\libnvvp;C:\Program Files (x86)\Common Files\Oracle\Java\javapath;C:\Program Files\NVIDIA GPU Computing Toolkit\CUDA\v9.0\bin;C:\Program Files\NVIDIA GPU Computing Toolkit\CUDA\v9.0\libnvvp;;C:\Program Files (x86)\Intel\iCLS Client\;C:\Program Files\Intel\iCLS Client\;C:\Windows\system32;C:\Windows;C:\Windows\System32\Wbem;C:\Windows\System32\WindowsPowerShell\v1.0\;C:\Program Files (x86)\Intel\Intel(R) Management Engine Components\DAL;C:\Program Files\Intel\Intel(R) Management Engine Components\DAL;C:\Program Files (x86)\Intel\Intel(R) Management Engine Components\IPT;C:\Program Files\Intel\Intel(R) Management Engine Components\IPT;C:\WINDOWS\system32;C:\WINDOWS;C:\WINDOWS\System32\Wbem;C:\WINDOWS\System32\WindowsPowerShell\v1.0\;C:\WINDOWS\System32\OpenSSH\;C:\Program Files (x86)\NVIDIA Corporation\PhysX\Common;C:\WINDOWS\system32\config\systemprofile\.dnx\bin;C:\Program Files\Microsoft DNX\Dnvm\;C:\Program Files\Microsoft SQL Server\130\Tools\Binn\;C:\Program Files\dotnet\;C:\Program Files (x86)\Microsoft SQL Server\Client SDK\ODBC\110\Tools\Binn\;C:\Program Files (x86)\Microsoft SQL Server\120\Tools\Binn\;C:\Program Files (x86)\Microsoft SQL Server\120\DTS\Binn\;C:\Program Files\NVIDIA Corporation\NVIDIA NvDLISR;C:\Users\Vincent\AppData\Local\Programs\Python\Python36\Scripts\;C:\Users\Vincent\AppData\Local\Programs\Python\Python36\;C:\Users\Vincent\AppData\Local\Microsoft\WindowsApps;C:\Users\Vincent\.dotnet\tools;;D:\Microsoft VS Code\bin
USERNAME=Vincent
OS=Windows_NT
PROCESSOR_IDENTIFIER=Intel64 Family 6 Model 158 Stepping 9, GenuineIntel



---------------  S Y S T E M  ---------------

OS: Windows 10 , 64 bit Build 19041 (10.0.19041.1023)
OS uptime: 5 days 6:24 hours

CPU:total 4 (initial active 4) (4 cores per cpu, 1 threads per core) family 6 model 158 stepping 9, cmov, cx8, fxsr, mmx, sse, sse2, sse3, ssse3, sse4.1, sse4.2, popcnt, avx, avx2, aes, clmul, erms, 3dnowpref, lzcnt, tsc, tscinvbit, bmi1, bmi2, adx, fma

Memory: 4k page, system-wide physical 16267M (3984M free)
TotalPageFile size 31387M (AvailPageFile size 4M)
current process WorkingSet (physical memory assigned to process): 544M, peak: 604M
current process commit charge ("private bytes"): 630M, peak: 655M

vm_info: OpenJDK 64-Bit Server VM (11.0.8+10-b944.6842174) for windows-amd64 JRE (11.0.8+10-b944.6842174), built on Sep 19 2020 01:11:42 by "builder" with MS VC++ 14.0 (VS2015)

END.
